============================= test session starts ==============================
platform linux -- Python 3.12.14, pytest-9.1.1, pluggy-1.6.0 -- /opt/hostedtoolcache/Python/3.12.14/x64/bin/python
rootdir: /home/runner/work/tortoise/tortoise
configfile: pyproject.toml
plugins: anyio-4.15.1, base-url-2.1.0, playwright-0.9.0, asyncio-1.4.0, timeout-2.4.0
asyncio: mode=Mode.STRICT, debug=False, asyncio_default_fixture_loop_scope=None, asyncio_default_test_loop_scope=function
timeout: 300.0s
timeout method: signal
timeout func_only: False
collecting ... collected 3155 items / 6 deselected / 3149 selected

tests/test_bridge_table.py::test_target_mcp_matches_the_beta_doc PASSED  [  0%]
tests/test_bridge_table.py::test_c2_lists_exactly_the_bindings_that_do_not_resolve PASSED [  0%]
tests/test_bridge_table.py::test_part_b_line_numbers_point_at_the_right_tool PASSED [  0%]
tests/test_bridge_table.py::test_part_a_exists_column_is_derived_from_the_ast PASSED [  0%]
tests/test_bridge_table.py::test_c1_blockers_are_exactly_the_targets_without_a_method PASSED [  0%]
tests/test_bridge_table.py::test_part_a_merged_set_is_recomputed_independently PASSED [  0%]
tests/test_bridge_table.py::test_bridge_table_not_drifted PASSED         [  0%]
tests/test_bridge_table.py::test_vision_doc_buckets_match_generated_doc PASSED [  0%]
tests/test_bridge_table.py::test_destination_map_matches_registry PASSED [  0%]
tests/test_bridge_table.py::test_part_b_columns_are_not_unchecked PASSED [  0%]
tests/test_bridge_table.py::test_check_exits_nonzero_on_drift PASSED     [  0%]
tests/eval/write_path/test_write_path_benchmark.py::test_bpre_lane_full_corpus_replay_emits_and_grades PASSED [  0%]
tests/eval/write_path/test_write_path_benchmark.py::test_bpre_lane_determinism_and_provenance_regression_fails PASSED [  0%]
tests/eval/write_path/test_write_path_benchmark.py::test_bpre_lane_config_mismatch_is_inconclusive PASSED [  0%]
tests/test_2952_degraded_read.py::TestDeclaredDegradedRead::test_healthy_read_is_not_declared PASSED [  0%]
tests/test_2952_degraded_read.py::TestDeclaredDegradedRead::test_empty_healthy_vector_run_is_not_declared PASSED [  0%]
tests/test_2952_degraded_read.py::TestDeclaredDegradedRead::test_no_embedder_is_declared PASSED [  0%]
tests/test_2952_degraded_read.py::TestDeclaredDegradedRead::test_degraded_vector_run_is_declared PASSED [  0%]
tests/test_2952_degraded_read.py::TestDeclaredDegradedRead::test_absent_trace_is_not_a_declaration PASSED [  0%]
tests/test_2952_degraded_read.py::TestDeclaredDegradedRead::test_empty_trace_fails_closed PASSED [  0%]
tests/test_2952_degraded_read.py::TestDeclaredDegradedRead::test_structural_only_scan_is_not_declared PASSED [  0%]
tests/test_2952_degraded_read.py::TestDeclaredDegradedRead::test_missing_vector_entry_with_fts_present_is_leg_absent PASSED [  0%]
tests/test_2952_degraded_read.py::TestDeclaredDegradedRead::test_object_centric_one_healthy_entry_proves_the_leg PASSED [  0%]
tests/test_2952_degraded_read.py::TestDeclaredDegradedRead::test_object_centric_all_degraded_is_declared PASSED [  0%]
tests/test_2952_degraded_read.py::TestDeclaredDegradedRead::test_fallback_only_trace_is_declared PASSED [  0%]
tests/test_2952_degraded_read.py::TestDeclaredDegradedRead::test_results_bearing_fallback_is_declared_despite_healthy_vector PASSED [  0%]
tests/test_2952_degraded_read.py::TestDeclaredDegradedRead::test_zero_count_fallback_is_not_declared PASSED [  0%]
tests/test_2952_degraded_read.py::TestDeclaredDegradedRead::test_non_dict_entries_are_ignored PASSED [  0%]
tests/test_2952_degraded_read.py::TestDeclaredDegradedRead::test_unknown_or_malformed_leg_trace_is_declared PASSED [  0%]
tests/test_2952_degraded_read.py::TestRequireHybridRead::test_healthy_read_passes PASSED [  0%]
tests/test_2952_degraded_read.py::TestRequireHybridRead::test_single_leg_read_refuses PASSED [  0%]
tests/test_2952_degraded_read.py::TestRequireHybridRead::test_missing_leg_trace_refuses_closed PASSED [  1%]
tests/test_2952_degraded_read.py::TestRequireHybridRead::test_empty_leg_trace_refuses_closed PASSED [  1%]
tests/test_2952_degraded_read.py::TestRequireHybridRead::test_structural_only_trace_refuses PASSED [  1%]
tests/test_2952_degraded_read.py::TestRequireHybridRead::test_fallback_only_trace_refuses PASSED [  1%]
tests/test_2952_degraded_read.py::TestRequireHybridRead::test_results_bearing_fallback_refuses PASSED [  1%]
tests/test_2952_degraded_read.py::TestWarmUp::test_warm_up_true_when_model_available PASSED [  1%]
tests/test_2952_degraded_read.py::TestWarmUp::test_warm_up_false_and_non_fatal_without_model PASSED [  1%]
tests/test_2952_degraded_read.py::TestWarmUp::test_warm_up_swallows_get_exception PASSED [  1%]
tests/test_2952_degraded_read.py::TestWarmUp::test_warm_up_logs_info_for_designed_absence PASSED [  1%]
tests/test_2952_degraded_read.py::TestWarmUp::test_warm_up_logs_warning_for_real_failure PASSED [  1%]
tests/test_2952_degraded_read.py::TestWarmUp::test_start_warm_up_disabled_by_env PASSED [  1%]
tests/test_2952_degraded_read.py::TestWarmUp::test_start_warm_up_enabled_by_default PASSED [  1%]
tests/test_2952_degraded_read.py::TestWarmUp::test_start_warm_up_is_non_blocking PASSED [  1%]
tests/test_2952_degraded_read.py::TestWarmUp::test_start_warm_up_is_once_per_process PASSED [  1%]
tests/test_2952_degraded_read.py::TestWarmUp::test_loader_classifies_missing_package_as_not_installed PASSED [  1%]
tests/test_2952_degraded_read.py::TestWarmUp::test_loader_classifies_import_failure_as_load_failed PASSED [  1%]
tests/test_2952_degraded_read.py::TestWarmUp::test_concurrent_get_during_warm_up_loads_once PASSED [  1%]
tests/test_2952_degraded_read.py::TestWarmUp::test_cooldown_is_preserved_and_expires PASSED [  1%]
tests/test_2952_degraded_read.py::TestWarmUp::test_reset_clears_warm_up_state PASSED [  1%]
tests/test_2952_degraded_read.py::TestHealthyRankingByteIdentical::test_leg_trace_is_observational_only PASSED [  1%]
tests/test_2952_degraded_read.py::TestHealthyRankingByteIdentical::test_explicit_warm_up_does_not_change_ranking PASSED [  1%]
tests/test_2952_degraded_read.py::TestHealthyRankingByteIdentical::test_recall_state_leg_trace_forwarded PASSED [  1%]
tests/test_2952_degraded_read.py::TestHealthyRankingByteIdentical::test_engine_init_triggers_warm_up PASSED [  1%]
tests/test_2952_degraded_read.py::TestRetrievalLegs::test_probe_declares_healthy_hybrid PASSED [  1%]
tests/test_2952_degraded_read.py::TestRetrievalLegs::test_probe_structural_only_is_not_hybrid PASSED [  1%]
tests/test_2952_degraded_read.py::TestRetrievalLegs::test_probe_declares_single_leg_read PASSED [  1%]
tests/test_2952_degraded_read.py::TestRetrievalLegs::test_require_hybrid_refuses_single_leg PASSED [  1%]
tests/test_2952_degraded_read.py::TestRetrievalLegs::test_require_hybrid_refuses_when_no_legs_reported PASSED [  1%]
tests/test_2952_degraded_read.py::TestRetrievalLegs::test_require_hybrid_passes_healthy PASSED [  1%]
tests/test_quota.py::TestResolveTeamLimits::test_missing_team_fails_closed PASSED [  1%]
tests/test_quota.py::TestResolveTeamLimits::test_provisioned_team_has_defaults PASSED [  1%]
tests/test_quota.py::TestEnforceTeamLimit::test_no_limits_skips PASSED   [  2%]
tests/test_quota.py::TestEnforceTeamLimit::test_at_limit_raises PASSED   [  2%]
tests/test_quota.py::TestEnforceTeamLimit::test_below_limit_passes PASSED [  2%]
tests/test_quota.py::TestEnforceTeamLimit::test_counting_error_fails_closed PASSED [  2%]
tests/test_quota.py::TestEnforceTeamLimit::test_unknown_resource_fails_closed PASSED [  2%]
tests/test_quota.py::TestEnforceUsersLimit::test_users_below_limit_passes PASSED [  2%]
tests/test_quota.py::TestEnforceUsersLimit::test_users_at_limit_raises PASSED [  2%]
tests/test_quota.py::TestEnforceUsersLimit::test_users_unlimited_skips PASSED [  2%]
tests/test_quota.py::TestEnforceGraphsLimit::test_graphs_below_limit_passes PASSED [  2%]
tests/test_quota.py::TestEnforceGraphsLimit::test_graphs_at_limit_raises PASSED [  2%]
tests/test_quota.py::TestEnforceGraphsLimit::test_graphs_unlimited_skips PASSED [  2%]
tests/test_quota.py::TestNonePreservation::test_resolve_team_limits_preserves_none_users PASSED [  2%]
tests/test_quota.py::TestNonePreservation::test_resolve_team_limits_preserves_none_graphs PASSED [  2%]
tests/test_quota.py::TestNonePreservation::test_team_limits_from_node_preserves_none_users PASSED [  2%]
tests/test_quota.py::TestNonePreservation::test_team_limits_from_node_preserves_none_graphs PASSED [  2%]
tests/test_quota.py::TestNonePreservation::test_team_limits_from_node_explicit_zero PASSED [  2%]
tests/test_quota.py::TestNonePreservation::test_team_limits_from_node_free_tier_defaults PASSED [  2%]
tests/test_quota.py::TestSessionsQuota::test_sessions_count_returns_session_nodes_and_41st_lands PASSED [  2%]
tests/test_quota.py::TestSessionsQuota::test_sessions_branch_ignores_non_session_nodes PASSED [  2%]
tests/test_quota.py::TestDocumentsQuota::test_null_kind_docs_count PASSED [  2%]
tests/test_quota.py::TestDocumentsQuota::test_transcript_not_counted PASSED [  2%]
tests/test_quota.py::TestDocumentsQuota::test_derived_cap_402_and_points_independent PASSED [  2%]
tests/test_quota.py::TestObjectSubjectQuota::test_points_count_includes_objects_and_subjects PASSED [  2%]
tests/test_quota.py::TestObjectSubjectQuota::test_object_write_402_at_cap PASSED [  2%]
tests/test_quota.py::TestObjectSubjectQuota::test_subject_write_402_at_cap PASSED [  2%]
tests/test_quota.py::TestObjectSubjectQuota::test_object_subject_mix_402_at_cap PASSED [  2%]
tests/test_quota.py::TestObjectSubjectQuota::test_point_quota_unchanged_for_point_only_graph PASSED [  2%]
tests/test_quota.py::TestObjectSubjectQuota::test_capture_minted_object_counts_against_quota PASSED [  2%]
tests/test_quota.py::TestIsEpisodicBackfill::test_legacy_nodes_backfilled_are_episodic PASSED [  2%]
tests/test_quota.py::TestIsEpisodicBackfill::test_new_capture_writes_carry_flag PASSED [  2%]
tests/test_quota.py::TestBudgetConstants::test_max_value_points_per_session PASSED [  2%]
tests/test_quota.py::TestBudgetConstants::test_max_payload_points PASSED [  2%]
tests/test_quota.py::test_ask_exec_floor_guarantees_execution PASSED     [  3%]
tests/test_doctor.py::TestDoctorPath::test_doctor_path_resolves_and_runs PASSED [  3%]
tests/test_doctor.py::TestDoctorPath::test_doctor_db_uri_routes_through_from_uri PASSED [  3%]
tests/test_doctor.py::TestDoctorPath::test_doctor_db_plain_path_uses_embedded PASSED [  3%]
tests/test_doctor.py::TestDoctorPath::test_doctor_bad_relative_path_clean_error PASSED [  3%]
tests/test_doctor.py::TestDoctorPath::test_doctor_db_uri_probe_uses_resolved_target PASSED [  3%]
tests/test_doctor.py::TestDoctorPath::test_doctor_db_uri_non_numeric_port_clean_error PASSED [  3%]
tests/test_doctor.py::TestDoctorPath::test_doctor_db_uri_password_never_in_error_output PASSED [  3%]
tests/test_doctor.py::TestDoctorPath::test_doctor_db_uri_password_with_at_sign_never_leaks PASSED [  3%]
tests/test_doctor.py::TestDoctorPath::test_doctor_malformed_ipv6_uri_clean_error PASSED [  3%]
tests/test_doctor.py::TestDoctorPath::test_doctor_unsupported_scheme_uri_masks_credentials PASSED [  3%]
tests/test_doctor.py::TestDoctorPath::test_mask_uri_userinfo_masks_at_containing_password PASSED [  3%]
tests/test_doctor.py::TestDoctorPath::test_mask_uri_userinfo_slash_in_password PASSED [  3%]
tests/test_doctor.py::TestDoctorPath::test_mask_uri_userinfo_all_schemes_and_delimiters PASSED [  3%]
tests/test_doctor.py::TestDoctorPath::test_mask_uri_userinfo_plain_paths_and_malformed_unchanged PASSED [  3%]
tests/test_doctor.py::TestDoctorPath::test_mask_uri_userinfo_delimiter_inside_password_fails_closed PASSED [  3%]
tests/test_doctor.py::TestDoctorPath::test_mask_uri_userinfo_fuzz_never_emits_password_material PASSED [  3%]
tests/test_doctor.py::TestDoctorPath::test_doctor_db_uri_probe_uses_uri_graph_name PASSED [  3%]
tests/test_doctor.py::TestDoctorPath::test_doctor_embedded_target_skips_docker_probe PASSED [  3%]
tests/test_doctor.py::TestDoctorDefaultResolution::test_no_flags_defaults_to_embedded PASSED [  3%]
tests/test_doctor.py::TestDoctorDefaultResolution::test_no_flags_uses_env_uri PASSED [  3%]
tests/test_doctor.py::TestDoctorDefaultResolution::test_no_flags_uses_falkordb_env PASSED [  3%]
tests/test_doctor.py::TestDoctorDefaultResolution::test_no_flags_uses_tortoise_db_path PASSED [  3%]
tests/test_doctor.py::TestDoctorPreInit::test_embedded_path_missing_dir_reports_not_set_up PASSED [  3%]
tests/test_doctor.py::TestDoctorPreInit::test_no_flags_fresh_machine_reports_not_set_up PASSED [  3%]
tests/test_doctor.py::TestDoctorImportHygiene::test_import_tortoise_auth_emits_no_warning PASSED [  3%]
tests/test_doctor.py::TestDoctorImportHygiene::test_auth_dev_pepper_warns_once_at_first_use PASSED [  3%]
tests/test_doctor.py::TestDoctorImportHygiene::test_import_mcp_server_emits_no_fastmcp_noise PASSED [  3%]
tests/test_doctor.py::TestDoctorImportHygiene::test_session_capture_registered_on_mcp_instance PASSED [  3%]
tests/test_doctor.py::TestDoctorSessionExtraction::test_no_provider_local_warns PASSED [  3%]
tests/test_doctor.py::TestDoctorSessionExtraction::test_provider_key_reports_provider PASSED [  3%]
tests/test_doctor.py::TestDoctorSessionExtraction::test_mock_seam_local_reports_test_mode PASSED [  4%]
tests/test_doctor.py::TestDoctorSessionExtraction::test_hosted_no_provider_fails PASSED [  4%]
tests/test_doctor.py::TestDoctorSessionExtraction::test_hosted_mock_seam_fails PASSED [  4%]
tests/test_doctor.py::TestDoctorSessionExtraction::test_provider_model_mismatch_not_ok PASSED [  4%]
tests/test_doctor.py::TestDoctorSessionExtraction::test_openrouter_bare_model_shape_warns PASSED [  4%]
tests/test_doctor.py::TestDoctorSessionExtraction::test_openrouter_family_model_no_warning PASSED [  4%]
tests/test_doctor.py::TestDoctorSessionExtraction::test_non_openrouter_provider_never_shape_warns PASSED [  4%]
tests/test_doctor.py::TestDoctorSessionExtraction::test_openrouter_default_model_no_warning PASSED [  4%]
tests/test_doctor.py::TestOnboardDoctorCall::test_bare_namespace_no_attribute_error PASSED [  4%]
tests/test_doctor.py::TestOnboardDoctorCall::test_full_onboard_reaches_doctor_without_crash PASSED [  4%]
tests/test_index_restore.py::test_s13_rebuild_drops_session_meeting_edges_doc_survives PASSED [  4%]
tests/test_index_restore.py::test_s13_post_rebuild_version_equality_and_sweep PASSED [  4%]
tests/test_index_restore.py::test_s15_torn_tail_journal_rebuilds_to_crash_free_state PASSED [  4%]
tests/test_index_restore.py::test_s15_mid_file_malformed_raises_actionable PASSED [  4%]
tests/test_index_restore.py::test_s15_restore_drill_end_to_end PASSED    [  4%]
tests/test_index_restore.py::test_t12_backfill_rebuild_wipe_semantics PASSED [  4%]
tests/test_index_restore.py::test_t12_old_logic_skips_unknown_record_types PASSED [  4%]
tests/test_index_restore.py::test_t12_instantiates_edges_rebuild_drop_and_restore PASSED [  4%]
tests/test_finding_provenance.py::FindingProvenanceTestBase::test_a_backtick_label_parses_and_is_defended_at_reflection PASSED [  4%]
tests/test_finding_provenance.py::FindingProvenanceTestBase::test_checkout_reports_the_gap PASSED [  4%]
tests/test_finding_provenance.py::FindingProvenanceTestBase::test_descendant_of_base_passes PASSED [  4%]
tests/test_finding_provenance.py::FindingProvenanceTestBase::test_emit_marks_a_dirty_worktree_in_the_line PASSED [  4%]
tests/test_finding_provenance.py::FindingProvenanceTestBase::test_emit_round_trips_on_a_special_character_branch PASSED [  4%]
tests/test_finding_provenance.py::FindingProvenanceTestBase::test_emit_round_trips_through_validate PASSED [  4%]
tests/test_finding_provenance.py::FindingProvenanceTestBase::test_emit_warns_when_checkout_is_behind PASSED [  4%]
tests/test_finding_provenance.py::FindingProvenanceTestBase::test_json_output_carries_the_verdict PASSED [  4%]
tests/test_finding_provenance.py::FindingProvenanceTestBase::test_malformed_line_is_not_a_pass 
tests/test_finding_provenance.py::FindingProvenanceTestBase::test_malformed_line_is_not_a_pass PASSED [  4%]
tests/test_finding_provenance.py::FindingProvenanceTestBase::test_measured_at_current_base_passes PASSED [  4%]
tests/test_finding_provenance.py::FindingProvenanceTestBase::test_measured_equal_to_fix_is_reflexively_current PASSED [  4%]
tests/test_finding_provenance.py::FindingProvenanceTestBase::test_missing_provenance_is_not_a_pass PASSED [  4%]
tests/test_finding_provenance.py::FindingProvenanceTestBase::test_multiple_provenance_lines_is_not_a_pass PASSED [  4%]
tests/test_finding_provenance.py::FindingProvenanceTestBase::test_not_a_git_repo_is_an_environment_error PASSED [  4%]
tests/test_finding_provenance.py::FindingProvenanceTestBase::test_predates_fix_is_flagged PASSED [  5%]
tests/test_finding_provenance.py::FindingProvenanceTestBase::test_predates_fix_on_an_older_base_is_flagged PASSED [  5%]
tests/test_finding_provenance.py::FindingProvenanceTestBase::test_stale_against_current_base_is_flagged PASSED [  5%]
tests/test_finding_provenance.py::FindingProvenanceTestBase::test_unresolvable_base_is_an_environment_error PASSED [  5%]
tests/test_finding_provenance.py::FindingProvenanceTestBase::test_unresolvable_fix_is_an_environment_error PASSED [  5%]
tests/test_finding_provenance.py::FindingProvenanceTestBase::test_unresolvable_measured_sha_is_not_a_pass PASSED [  5%]
tests/test_finding_provenance.py::FindingProvenanceTestBase::test_workflow_gate_cannot_be_a_no_op PASSED [  5%]
tests/test_finding_provenance.py::FindingProvenanceTestBase::test_workflow_gates_a_claim_before_exempting_beta_feedback PASSED [  5%]
tests/test_finding_provenance.py::FindingProvenanceTestBase::test_workflow_indents_the_verdict_block PASSED [  5%]
tests/test_finding_provenance.py::LiveIncidentTest::test_live_fixed_measurement_is_current SKIPPED [  5%]
tests/test_finding_provenance.py::LiveIncidentTest::test_live_prefix_measurement_is_flagged SKIPPED [  5%]
tests/test_cli_serve.py::test_stdio_refusal_names_real_alternatives_not_health_server PASSED [  5%]
tests/test_cli_serve.py::test_auth_import_crash_message_guides_unset PASSED [  5%]
tests/test_cli_serve.py::test_serve_http_main_dispatch_static_nonloopback_bind PASSED [  5%]
tests/test_cli_serve.py::test_serve_http_main_dispatch_none_loopback PASSED [  5%]
tests/test_cli_serve.py::test_serve_http_main_dispatch_tenant PASSED     [  5%]
tests/test_cli_serve.py::test_serve_http_namespace_note_all_modes_tilde_expansion[auth_args0-org_{id}] PASSED [  5%]
tests/test_cli_serve.py::test_serve_http_namespace_note_all_modes_tilde_expansion[auth_args1-org_selfhost] PASSED [  5%]
tests/test_cli_serve.py::test_serve_http_namespace_note_all_modes_tilde_expansion[auth_args2-org_selfhost] PASSED [  5%]
tests/test_cli_serve.py::test_serve_http_embedded_banner_stderr PASSED   [  5%]
tests/test_cli_serve.py::test_serve_http_uri_branch_no_banner PASSED     [  5%]
tests/test_cli_serve.py::test_key_create_embedded_warns PASSED           [  5%]
tests/test_cli_serve.py::test_serve_http_allowed_hosts_flag PASSED       [  5%]
tests/test_cli_serve.py::test_serve_http_allowed_hosts_normalizes_and_dedups[MyBox.LOCAL.,mybox.local, 10.0.0.7,] PASSED [  5%]
tests/test_cli_serve.py::test_serve_http_allowed_hosts_normalizes_and_dedups[ mybox.local ,mybox.local, 10.0.0.7 ] PASSED [  5%]
tests/test_cli_serve.py::test_serve_http_wildcard_bind_merges_allowed_hosts PASSED [  5%]
tests/test_cli_serve.py::test_serve_http_any_interface_bind_derives_machine_hosts[0.0.0.0] PASSED [  5%]
tests/test_cli_serve.py::test_serve_http_any_interface_bind_derives_machine_hosts[::] PASSED [  5%]
tests/test_cli_serve.py::test_serve_http_loopback_aliases_no_network_warning[localhost] PASSED [  5%]
tests/test_cli_serve.py::test_serve_http_loopback_aliases_no_network_warning[LOCALHOST] PASSED [  5%]
tests/test_cli_serve.py::test_serve_http_loopback_aliases_no_network_warning[::1] PASSED [  5%]
tests/test_cli_serve.py::test_serve_http_loopback_aliases_no_network_warning[127.0.0.1] PASSED [  6%]
tests/test_cli_serve.py::test_serve_http_loopback_aliases_no_network_warning[127.0.0.2] PASSED [  6%]
tests/test_cli_serve.py::test_serve_http_loopback_aliases_no_network_warning[::ffff:127.0.0.1] PASSED [  6%]
tests/test_cli_serve.py::test_is_loopback_bind_ipv4_mapped_loopback_guarded PASSED [  6%]
tests/test_cli_serve.py::test_db_uri_remote_classifies_remote_docker_hosts[redis://:pass@db.example.com:6379/0-True] PASSED [  6%]
tests/test_cli_serve.py::test_db_uri_remote_classifies_remote_docker_hosts[rediss://:pass@localhost:6379/0-True] PASSED [  6%]
tests/test_cli_serve.py::test_db_uri_remote_classifies_remote_docker_hosts[docker://:pass@localhost:6379/0-False] PASSED [  6%]
tests/test_cli_serve.py::test_db_uri_remote_classifies_remote_docker_hosts[docker://:pass@127.0.0.1:6379/0-False] PASSED [  6%]
tests/test_cli_serve.py::test_db_uri_remote_classifies_remote_docker_hosts[docker://:pass@127.0.0.2:6379/0-False] PASSED [  6%]
tests/test_cli_serve.py::test_db_uri_remote_classifies_remote_docker_hosts[docker://:pass@[::1]:6379/0-False] PASSED [  6%]
tests/test_cli_serve.py::test_db_uri_remote_classifies_remote_docker_hosts[docker://:pass@[::ffff:127.0.0.1]:6379/0-False] PASSED [  6%]
tests/test_cli_serve.py::test_db_uri_remote_classifies_remote_docker_hosts[docker://:pass@db.example.com:6379/0-True] PASSED [  6%]
tests/test_cli_serve.py::test_db_uri_remote_classifies_remote_docker_hosts[docker://user:pass@10.0.0.5:6379/tortoise-True] PASSED [  6%]
tests/test_cli_serve.py::test_db_uri_remote_classifies_remote_docker_hosts[docker://:pass@192.168.1.50:6379/0-True] PASSED [  6%]
tests/test_cli_serve.py::test_db_uri_remote_classifies_remote_docker_hosts[docker://:pass@[::ffff:192.168.1.50]:6379/0-True] PASSED [  6%]
tests/test_cli_serve.py::test_db_uri_remote_classifies_remote_docker_hosts[-False] PASSED [  6%]
tests/test_cli_serve.py::test_db_uri_remote_classifies_remote_docker_hosts[/tmp/tortoise.db-False] PASSED [  6%]
tests/test_cli_serve.py::test_serve_http_remote_db_target_warning_fires_for_remote_docker[docker://:pass@db.example.com:6379/0-True] PASSED [  6%]
tests/test_cli_serve.py::test_serve_http_remote_db_target_warning_fires_for_remote_docker[docker://user:pass@10.0.0.5:6379/tortoise-True] PASSED [  6%]
tests/test_cli_serve.py::test_serve_http_remote_db_target_warning_fires_for_remote_docker[docker://:pass@localhost:6379/0-False] PASSED [  6%]
tests/test_cli_serve.py::test_serve_http_remote_db_target_warning_fires_for_remote_docker[docker://:pass@127.0.0.1:6379/0-False] PASSED [  6%]
tests/test_cli_serve.py::test_serve_http_remote_db_target_warning_fires_for_remote_docker[redis://:pass@db.example.com:6379/0-True] PASSED [  6%]
tests/test_cli_serve.py::test_bind_allowed_hosts_ipv4_mapped_normalized PASSED [  6%]
tests/test_cli_serve.py::test_serve_http_none_nonloopback_refused_without_override[0.0.0.0] PASSED [  6%]
tests/test_cli_serve.py::test_serve_http_none_nonloopback_refused_without_override[192.168.1.50] PASSED [  6%]
tests/test_cli_serve.py::test_serve_http_none_nonloopback_refused_without_override[::] PASSED [  6%]
tests/test_cli_serve.py::test_serve_http_none_nonloopback_refused_without_override[mybox.local] PASSED [  6%]
tests/test_cli_serve.py::test_serve_http_none_nonloopback_refused_without_override[::ffff:192.168.1.50] PASSED [  6%]
tests/test_cli_serve.py::test_serve_http_none_nonloopback_override_works[192.168.1.50] PASSED [  6%]
tests/test_cli_serve.py::test_serve_http_none_nonloopback_override_works[mybox.local] PASSED [  6%]
tests/test_cli_serve.py::test_serve_http_none_nonloopback_override_works[::ffff:192.168.1.50] PASSED [  6%]
tests/test_cli_serve.py::test_serve_http_static_hostname_bind_seeds_guard PASSED [  6%]
tests/test_cli_serve.py::test_serve_http_static_missing_key_error_path PASSED [  7%]
tests/test_cli_serve.py::test_serve_http_api_key_requires_static_auth PASSED [  7%]
tests/test_cli_serve.py::test_local_http_roundtrip_lands_in_team_graph PASSED [  7%]
tests/test_cli_serve.py::test_key_create_wildcard_bind_prints_lan_note[0.0.0.0-8000] PASSED [  7%]
tests/test_cli_serve.py::test_key_create_wildcard_bind_prints_lan_note[::-8000] PASSED [  7%]
tests/test_cli_serve.py::test_key_create_wildcard_bind_prints_lan_note[0.0.0.0-9000] PASSED [  7%]
tests/test_cli_serve.py::test_key_create_default_bind_still_prints_mirror_hint PASSED [  7%]
tests/test_cli_serve.py::test_bootstrap_key_persists_and_verifies PASSED [  7%]
tests/test_redirect_seam.py::test_unset_uri_constructs_embedded PASSED   [  7%]
tests/test_redirect_seam.py::test_uri_set_redirects_to_server PASSED     [  7%]
tests/test_redirect_seam.py::test_explicit_graph_name_honored PASSED     [  7%]
tests/test_redirect_seam.py::test_explicit_nondefault_name_derives_per_path PASSED [  7%]
tests/test_redirect_seam.py::test_no_arg_does_not_redirect PASSED        [  7%]
tests/test_redirect_seam.py::test_no_redirect_env_exempts_caller_test_module PASSED [  7%]
tests/test_redirect_seam.py::test_db_file_stem_never_exempts PASSED      [  7%]
tests/test_redirect_seam.py::test_no_test_frame_in_stack_no_redirect PASSED [  7%]
tests/test_redirect_seam.py::test_caller_test_stem_nearest_frame_semantics PASSED [  7%]
tests/test_redirect_seam.py::test_memory_path_derives_unique_test_graph PASSED [  7%]
tests/test_redirect_seam.py::test_no_redirect_without_test_mode PASSED   [  7%]
tests/test_redirect_seam.py::test_uri_set_refuses_non_loopback_host PASSED [  7%]
tests/test_redirect_seam.py::test_uri_hostless_refuses PASSED            [  7%]
tests/test_redirect_seam.py::test_allow_remote_escape_lets_non_loopback_through PASSED [  7%]
tests/test_redirect_seam.py::test_redirect_connection_boundedness PASSED [  7%]
tests/test_redirect_seam.py::test_unsupported_uri_scheme_stays_embedded PASSED [  7%]
tests/test_redirect_seam.py::test_session_nonce_is_stable_and_hex12 PASSED [  7%]
tests/test_redirect_seam.py::test_loopback_predicate_single_source PASSED [  7%]
tests/test_redirect_seam.py::test_worker_thread_carve_out_stays_embedded PASSED [  7%]
tests/test_redirect_seam.py::test_worker_thread_non_exempt_redirects PASSED [  7%]
tests/test_redirect_seam.py::test_stem_registry_prod_parity_and_patch_idempotence PASSED [  7%]
tests/test_ingest_v2_consolidation.py::TestNoopWritePath::test_noop_folds_and_links PASSED [  7%]
tests/test_ingest_v2_consolidation.py::TestNoopWritePath::test_noop_rerun_is_idempotent PASSED [  7%]
tests/test_ingest_v2_consolidation.py::TestDeleteSoft::test_retraction_tombstones_no_resurrect PASSED [  8%]
tests/test_ingest_v2_consolidation.py::TestUpdateChain::test_update_supersedes_old_point PASSED [  8%]
tests/test_ingest_v2_consolidation.py::TestAboutObjectParity::test_payload_points_write_about_object PASSED [  8%]
tests/test_ingest_v2_consolidation.py::TestMultiOperator::test_multiple_operators_all_written PASSED [  8%]
tests/test_ingest_v2_consolidation.py::TestBatchExistenceProbes::test_ingest_haystack_one_probe_per_session PASSED [  8%]
tests/test_ingest_v2_consolidation.py::TestBatchExistenceProbes::test_ingest_haystack_v2_constant_probes_per_session PASSED [  8%]
tests/test_ingest_v2_consolidation.py::TestE2E11IntegrationGate::test_e2e11_full_gate PASSED [  8%]
tests/test_ingest_v2_consolidation.py::TestE2E11IntegrationGate::test_e2e11_real_mode_smoke SKIPPED [  8%]
tests/test_tripwire.py::test_session_target_probe PASSED                 [  8%]
tests/test_tripwire.py::test_server_reachable_session_passes PASSED      [  8%]
tests/test_tripwire.py::test_unreachable_server_fails_session_not_skip PASSED [  8%]
tests/test_tripwire.py::test_non_loopback_uri_fails_session PASSED       [  8%]
tests/test_tripwire.py::test_expect_uri_without_uri_fails_session PASSED [  8%]
tests/test_tripwire.py::test_expect_uri_unsupported_scheme_fails_session PASSED [  8%]
tests/test_tripwire.py::test_expect_uri_set_session_passes PASSED        [  8%]
tests/test_tripwire.py::test_probe_flips_with_redirect_state PASSED      [  8%]
tests/test_extractor_v2.py::TestMasterList::test_sections_present PASSED [  8%]
tests/test_extractor_v2.py::TestMasterList::test_chains_have_paths_and_notes PASSED [  8%]
tests/test_extractor_v2.py::TestMasterList::test_master_kind_forms PASSED [  8%]
tests/test_extractor_v2.py::TestMasterList::test_memory_granularity_rides_through PASSED [  8%]
tests/test_extractor_v2.py::TestMasterList::test_master_list_user_personal_state_section PASSED [  8%]
tests/test_extractor_v2.py::TestMasterList::test_vocabulary_not_a_kind PASSED [  8%]
tests/test_extractor_v2.py::TestMasterList::test_render_master_marks_vocab_as_hint_not_kind PASSED [  8%]
tests/test_extractor_v2.py::TestMasterList::test_granularity_carve_out_surfaces PASSED [  8%]
tests/test_extractor_v2.py::TestMasterList::test_operational_value_carve_out_surfaces PASSED [  8%]
tests/test_extractor_v2.py::TestChunker::test_splits_contiguous PASSED   [  8%]
tests/test_extractor_v2.py::TestChunker::test_target_validation PASSED   [  8%]
tests/test_extractor_v2.py::TestCompiler::test_stitches_arc_and_dedups_cross_chunk PASSED [  8%]
tests/test_extractor_v2.py::TestCompiler::test_no_false_dedup_of_token_subset PASSED [  8%]
tests/test_extractor_v2.py::TestCompiler::test_empty PASSED              [  8%]
tests/test_extractor_v2.py::TestS2::test_parses_embed_list PASSED        [  8%]
tests/test_extractor_v2.py::TestS2::test_rejects_unparseable PASSED      [  8%]
tests/test_extractor_v2.py::TestS2::test_parse_retry_recovers PASSED     [  9%]
tests/test_extractor_v2.py::TestS2::test_prompt_contains_master_and_chains PASSED [  9%]
tests/test_extractor_v2.py::TestS2::test_prompt_strip_dont_drop_operational PASSED [  9%]
tests/test_extractor_v2.py::TestS2::test_output_contract_has_tier_and_quote PASSED [  9%]
tests/test_extractor_v2.py::TestS2::test_s2_prompt_value_filter_carve_out PASSED [  9%]
tests/test_extractor_v2.py::TestS2::test_s2_prompt_tier_a_classification_rule PASSED [  9%]
tests/test_extractor_v2.py::TestS2::test_s4_prompt_carve_out_and_keep_tier_a PASSED [  9%]
tests/test_extractor_v2.py::TestS2::test_s2_prompt_anti_routine_exclusion PASSED [  9%]
tests/test_extractor_v2.py::TestS2::test_s4_prompt_anti_routine_exclusion PASSED [  9%]
tests/test_extractor_v2.py::TestS2::test_prompt_supersession_rules PASSED [  9%]
tests/test_extractor_v2.py::TestS2::test_prompt_date_anchor_rules PASSED [  9%]
tests/test_extractor_v2.py::TestS2::test_minted_kind_report PASSED       [  9%]
tests/test_extractor_v2.py::TestParseLadder::test_sanitize_rung_recovers_control_chars PASSED [  9%]
tests/test_extractor_v2.py::TestParseLadder::test_sanitize_preserves_structural_whitespace PASSED [  9%]
tests/test_extractor_v2.py::TestParseLadder::test_sanitize_insufficient_counts_contamination_gap PASSED [  9%]
tests/test_extractor_v2.py::TestParseLadder::test_repair_rung_missing_comma PASSED [  9%]
tests/test_extractor_v2.py::TestParseLadder::test_repair_rung_trailing_brace PASSED [  9%]
tests/test_extractor_v2.py::TestParseLadder::test_repair_rule_string_aware_repairs_boundary_only PASSED [  9%]
tests/test_extractor_v2.py::TestParseLadder::test_schema_validator_accepts_contract_shape PASSED [  9%]
tests/test_extractor_v2.py::TestParseLadder::test_schema_validator_rejects_shape_mismatch PASSED [  9%]
tests/test_extractor_v2.py::TestParseLadder::test_partial_accept_recovers_truncated_list PASSED [  9%]
tests/test_extractor_v2.py::TestParseLadder::test_partial_accept_rejects_empty_prefix PASSED [  9%]
tests/test_extractor_v2.py::TestParseLadder::test_truncated_skips_same_prompt_retry PASSED [  9%]
tests/test_extractor_v2.py::TestParseLadder::test_complete_records_prompt_and_completion_tokens_in_stats PASSED [  9%]
tests/test_extractor_v2.py::TestParseLadder::test_complete_truncation_accumulates_recovery_tokens PASSED [  9%]
tests/test_extractor_v2.py::TestParseLadder::test_complete_parsed_seam_accumulates_per_seam_tokens PASSED [  9%]
tests/test_extractor_v2.py::TestParseLadder::test_extractor_escalation_tokens_env_semantics PASSED [  9%]
tests/test_extractor_v2.py::TestParseLadder::test_extractor_escalation_tokens_warns_when_esc_le_base PASSED [  9%]
tests/test_extractor_v2.py::TestParseLadder::test_parse_canonical_strict_balanced PASSED [  9%]
tests/test_extractor_v2.py::TestParseLadder::test_parse_canonical_strict_no_tail_cut_no_repair PASSED [  9%]
tests/test_extractor_v2.py::TestParseLadder::test_parse_error_with_stop_still_retries PASSED [  9%]
tests/test_extractor_v2.py::TestS3::test_backend_mode_embedded_when_unset PASSED [ 10%]
tests/test_extractor_v2.py::TestS3::test_backend_mode_real_on_uri PASSED [ 10%]
tests/test_extractor_v2.py::TestS3::test_degrades_when_embedded PASSED   [ 10%]
tests/test_extractor_v2.py::TestS3::test_degrades_without_client PASSED  [ 10%]
tests/test_extractor_v2.py::TestS3::test_queries_derived_and_results_formatted PASSED [ 10%]
tests/test_extractor_v2.py::TestS3::test_turn_echo_is_never_an_s3_prior PASSED [ 10%]
tests/test_extractor_v2.py::TestS3::test_degrades_on_backend_error PASSED [ 10%]
tests/test_extractor_v2.py::TestS5::test_dependency_order_and_layer1 PASSED [ 10%]
tests/test_extractor_v2.py::TestS5::test_payload_passes_layer1 PASSED    [ 10%]
tests/test_extractor_v2.py::TestS5::test_entities_dedup_and_validate PASSED [ 10%]
tests/test_extractor_v2.py::TestS5::test_link_before_create_existing_entity PASSED [ 10%]
tests/test_extractor_v2.py::TestS5::test_payload_carries_supersessions_and_commit_id_agrees PASSED [ 10%]
tests/test_extractor_v2.py::TestS5::test_client_commit_id_empty_supersessions_backward_compat PASSED [ 10%]
tests/test_extractor_v2.py::TestS5::test_point_supersession_revises PASSED [ 10%]
tests/test_extractor_v2.py::TestS5::test_exact_point_match_dedups PASSED [ 10%]
tests/test_extractor_v2.py::TestS5::test_minted_kind_repair PASSED       [ 10%]
tests/test_extractor_v2.py::TestS5::test_events_default_to_session_date PASSED [ 10%]
tests/test_extractor_v2.py::TestS5::test_points_carry_when PASSED        [ 10%]
tests/test_extractor_v2.py::TestS5::test_mitigates_strength_clamped PASSED [ 10%]
tests/test_extractor_v2.py::TestS5::test_mitigates_non_numeric_strength_defaults PASSED [ 10%]
tests/test_extractor_v2.py::TestS5::test_mitigates_before_target_impr_order_independent PASSED [ 10%]
tests/test_extractor_v2.py::TestS5::test_non_dict_entries_skipped PASSED [ 10%]
tests/test_extractor_v2.py::TestS5::test_bare_kind_link_before_create_matches PASSED [ 10%]
tests/test_extractor_v2.py::TestS5::test_ambiguous_bare_kind_warns_never_guesses PASSED [ 10%]
tests/test_extractor_v2.py::TestS5::test_entity_lifecycle_changed_warns PASSED [ 10%]
tests/test_extractor_v2.py::TestS5::test_supersession_recorded_from_s3 PASSED [ 10%]
tests/test_extractor_v2.py::TestS5::test_supersession_name_ref_resolves PASSED [ 10%]
tests/test_extractor_v2.py::TestS5::test_superseded_lifecycle_with_ref_warns_never_guesses PASSED [ 10%]
tests/test_extractor_v2.py::TestS5::test_unresolvable_supersedes_warns_no_record PASSED [ 10%]
tests/test_extractor_v2.py::TestS5::test_derive_supersessions_projection_mapping PASSED [ 10%]
tests/test_extractor_v2.py::TestS5::test_supersession_kind_collision_warns_no_wrong_record PASSED [ 10%]
tests/test_extractor_v2.py::TestS5::test_self_supersession_skipped PASSED [ 10%]
tests/test_extractor_v2.py::TestS5::test_failure_paths_carry_supersessions_key PASSED [ 11%]
tests/test_extractor_v2.py::TestS5::test_unresolved_operator_dropped PASSED [ 11%]
tests/test_extractor_v2.py::TestS5::test_mitigates_unresolved_target_dropped PASSED [ 11%]
tests/test_extractor_v2.py::TestS5::test_tier_a_point_passes_through_with_quote PASSED [ 11%]
tests/test_extractor_v2.py::TestS5::test_tier_b_absent_by_default PASSED [ 11%]
tests/test_extractor_v2.py::TestS5::test_tier_a_without_quote_warns PASSED [ 11%]
tests/test_extractor_v2.py::TestS5::test_tier_not_minted_kind PASSED     [ 11%]
tests/test_extractor_v2.py::TestS5::test_ingest_create_point_calls_pass_tier PASSED [ 11%]
tests/test_extractor_v2.py::TestE5FactValueContradiction::test_token_overlap_length_guard_short_vs_long PASSED [ 11%]
tests/test_extractor_v2.py::TestE5FactValueContradiction::test_token_overlap_short_revision_still_matches PASSED [ 11%]
tests/test_extractor_v2.py::TestE5FactValueContradiction::test_token_overlap_single_shared_token_never_revises PASSED [ 11%]
tests/test_extractor_v2.py::TestE5FactValueContradiction::test_fact_value_contradiction_same_entity_value_change PASSED [ 11%]
tests/test_extractor_v2.py::TestE5FactValueContradiction::test_fact_value_contradiction_identical_value_no_supersession PASSED [ 11%]
tests/test_extractor_v2.py::TestE5FactValueContradiction::test_fact_value_contradiction_different_entity_no PASSED [ 11%]
tests/test_extractor_v2.py::TestE5FactValueContradiction::test_find_point_match_contradiction_below_overlap_threshold PASSED [ 11%]
tests/test_extractor_v2.py::TestE5FactValueContradiction::test_fact_value_contradiction_older_when_rejected PASSED [ 11%]
tests/test_extractor_v2.py::TestE5FactValueContradiction::test_fact_value_contradiction_undated_session_order PASSED [ 11%]
tests/test_extractor_v2.py::TestParticipantSlots::test_output_contract_carries_slot_shape PASSED [ 11%]
tests/test_extractor_v2.py::TestParticipantSlots::test_s2_and_s4_templates_teach_slots PASSED [ 11%]
tests/test_extractor_v2.py::TestParticipantSlots::test_execute_embed_carries_point_slots_with_confidence PASSED [ 11%]
tests/test_extractor_v2.py::TestParticipantSlots::test_execute_embed_carries_event_slots PASSED [ 11%]
tests/test_extractor_v2.py::TestParticipantSlots::test_slots_payload_passes_layer1 PASSED [ 11%]
tests/test_extractor_v2.py::TestParticipantSlots::test_slots_absent_when_embed_has_none PASSED [ 11%]
tests/test_extractor_v2.py::TestParticipantSlots::test_slot_sanitization PASSED [ 11%]
tests/test_extractor_v2.py::TestParticipantSlots::test_slot_minted_kind_repaired PASSED [ 11%]
tests/test_extractor_v2.py::TestParticipantSlots::test_slot_unresolved_entity_dropped_with_warning PASSED [ 11%]
tests/test_extractor_v2.py::TestParticipantSlots::test_non_list_role_value_warns PASSED [ 11%]
tests/test_extractor_v2.py::TestE3Contract::test_output_contract_has_e3_keys PASSED [ 11%]
tests/test_extractor_v2.py::TestE3Contract::test_source_role_is_never_emitted PASSED [ 11%]
tests/test_extractor_v2.py::TestE3Contract::test_atomicity_and_verbatim_value_rules_present PASSED [ 11%]
tests/test_extractor_v2.py::TestE3SourceTranscript::test_transcript_injected_when_edus_present PASSED [ 11%]
tests/test_extractor_v2.py::TestE3SourceTranscript::test_s4_transcript_injected PASSED [ 12%]
tests/test_extractor_v2.py::TestE3SourceTranscript::test_none_edus_renders_identical PASSED [ 12%]
tests/test_extractor_v2.py::TestE3SourceTranscript::test_cap_omits_block PASSED [ 12%]
tests/test_extractor_v2.py::TestE3SourceTranscript::test_cap_boundary_at_length_included PASSED [ 12%]
tests/test_extractor_v2.py::TestE3SourceTranscript::test_over_cap_render_identical_to_none PASSED [ 12%]
tests/test_extractor_v2.py::TestE3Resolution::test_quote_resolves_to_turn PASSED [ 12%]
tests/test_extractor_v2.py::TestE3Resolution::test_conflicting_model_index_deterministic_wins PASSED [ 12%]
tests/test_extractor_v2.py::TestE3Resolution::test_agreeing_model_index_no_warning PASSED [ 12%]
tests/test_extractor_v2.py::TestE3Resolution::test_out_of_range_model_index_ignored PASSED [ 12%]
tests/test_extractor_v2.py::TestE3Resolution::test_non_int_model_index_ignored PASSED [ 12%]
tests/test_extractor_v2.py::TestE3Resolution::test_boolean_model_index_ignored PASSED [ 12%]
tests/test_extractor_v2.py::TestE3Resolution::test_token_overlap_fallback_resolves PASSED [ 12%]
tests/test_extractor_v2.py::TestE3Resolution::test_token_overlap_exactly_threshold_resolves PASSED [ 12%]
tests/test_extractor_v2.py::TestE3Resolution::test_token_overlap_tie_earlier_turn_wins PASSED [ 12%]
tests/test_extractor_v2.py::TestE3Resolution::test_below_threshold_fallback_is_none PASSED [ 12%]
tests/test_extractor_v2.py::TestE3Resolution::test_duplicate_quote_first_turn_wins PASSED [ 12%]
tests/test_extractor_v2.py::TestE3Resolution::test_no_quote_no_index_is_none PASSED [ 12%]
tests/test_extractor_v2.py::TestE3Resolution::test_empty_quote_in_range_model_index_used_with_warning PASSED [ 12%]
tests/test_extractor_v2.py::TestE3Resolution::test_empty_quote_out_of_range_index_is_none PASSED [ 12%]
tests/test_extractor_v2.py::TestE3Resolution::test_model_index_resolves_by_value_not_position PASSED [ 12%]
tests/test_extractor_v2.py::TestE3Resolution::test_agreeing_model_index_by_value_no_warning PASSED [ 12%]
tests/test_extractor_v2.py::TestE3Resolution::test_search_keys_cleaned PASSED [ 12%]
tests/test_extractor_v2.py::TestE3Resolution::test_search_keys_capped_at_four PASSED [ 12%]
tests/test_extractor_v2.py::TestE3Resolution::test_search_keys_non_list_warns PASSED [ 12%]
tests/test_extractor_v2.py::TestE3Resolution::test_quote_capped_at_200 PASSED [ 12%]
tests/test_extractor_v2.py::TestE3Resolution::test_atomicity_soft_guard_warns_multi_sentence PASSED [ 12%]
tests/test_extractor_v2.py::TestOrchestrator::test_model_exception_recorded_not_silent PASSED [ 12%]
tests/test_extractor_v2.py::TestOrchestrator::test_full_pipeline_mock PASSED [ 12%]
tests/test_extractor_v2.py::TestOrchestrator::test_empty_conversation PASSED [ 12%]
tests/test_extractor_v2.py::TestOrchestrator::test_session_date_anchors_s1_prompt PASSED [ 12%]
tests/test_extractor_v2.py::TestOrchestrator::test_undated_rendering_byte_identical PASSED [ 12%]
tests/test_extractor_v2.py::TestOrchestrator::test_chunked_compile_pipeline PASSED [ 12%]
tests/test_extractor_v2.py::TestOrchestrator::test_verbatim_state_value_survives_pipeline PASSED [ 13%]
tests/test_extractor_v2.py::TestLabelOrder::test_env_unset_default_order_byte_identical PASSED [ 13%]
tests/test_extractor_v2.py::TestLabelOrder::test_seeded_shuffle_deterministic_per_story PASSED [ 13%]
tests/test_extractor_v2.py::TestLabelOrder::test_env_seed_override_deterministic_across_stories PASSED [ 13%]
tests/test_extractor_v2.py::TestLabelOrder::test_shuffle_reorders_kind_groups_only PASSED [ 13%]
tests/test_extractor_v2.py::TestLabelOrder::test_compact_render_shuffles_too PASSED [ 13%]
tests/test_extractor_v2.py::TestLabelOrder::test_s2_prompt_uses_shuffled_master PASSED [ 13%]
tests/test_extractor_v2.py::TestClassifyStage::test_flag_on_happy_path_assigns_pack_kinds PASSED [ 13%]
tests/test_extractor_v2.py::TestClassifyStage::test_pack_event_kind_survives_execute_embed PASSED [ 13%]
tests/test_extractor_v2.py::TestClassifyStage::test_pack_object_kind_survives_execute_embed PASSED [ 13%]
tests/test_extractor_v2.py::TestClassifyStage::test_point_item_never_assigned_pack_point_kind PASSED [ 13%]
tests/test_extractor_v2.py::TestClassifyStage::test_flag_off_byte_identical_no_telemetry_growth PASSED [ 13%]
tests/test_extractor_v2.py::TestClassifyStage::test_flag_off_prompts_byte_identical PASSED [ 13%]
tests/test_extractor_v2.py::TestClassifyStage::test_kind_preservation_restamp_observable PASSED [ 13%]
tests/test_extractor_v2.py::TestClassifyStage::test_section_aware_freeze PASSED [ 13%]
tests/test_extractor_v2.py::TestClassifyStage::test_embedder_down_fail_open PASSED [ 13%]
tests/test_extractor_v2.py::TestClassifyStage::test_adjudication_fail_falls_back PASSED [ 13%]
tests/test_extractor_v2.py::TestClassifyStage::test_unclassified_terminal_resolved_at_write PASSED [ 13%]
tests/test_extractor_v2.py::TestClassifyStage::test_s4_reemit_clause_in_core_only_template PASSED [ 13%]
tests/test_extractor_v2.py::TestClassifyStage::test_core_only_render_golden_structure PASSED [ 13%]
tests/test_extractor_v2.py::TestClassifyStage::test_core_only_render_byte_pinned_golden PASSED [ 13%]
tests/test_extractor_v2.py::TestClassifyStage::test_core_only_ups_block_keeps_not_kinds_guard PASSED [ 13%]
tests/test_extractor_v2.py::TestClassifyStage::test_core_only_s2_prompt_pack_namespaces_dynamic PASSED [ 13%]
tests/test_extractor_v2.py::TestClassifyStage::test_core_only_contract_sentinel_only_top_level PASSED [ 13%]
tests/test_extractor_v2.py::TestClassifyStage::test_core_only_derivations_anchors_present_in_base PASSED [ 13%]
tests/test_extractor_v2.py::TestClassifyStage::test_unclassified_constant_shared_with_classifier PASSED [ 13%]
tests/test_extractor_v2.py::TestClassifyStage::test_sentinel_never_flagged_minted PASSED [ 13%]
tests/test_extractor_v2.py::TestClassifyStage::test_point_kind_report_agrees_with_point_gate PASSED [ 13%]
tests/test_extractor_v2.py::TestClassifyStage::test_slot_survives_for_pack_object_kind PASSED [ 13%]
tests/test_extractor_v2.py::TestClassifyStage::test_fold_never_drops_different_non_sentinel_kind PASSED [ 13%]
tests/test_extractor_v2.py::TestClassifyStage::test_clean_slots_sentinel_no_minted_warning PASSED [ 13%]
tests/test_extractor_v2.py::TestClassifyStage::test_no_slot_kind_ever_carries_sentinel PASSED [ 14%]
tests/test_extractor_v2.py::TestClassifyStage::test_rekey_slots_skips_sentinel_entity_kind PASSED [ 14%]
tests/test_extractor_v2.py::TestClassifyStage::test_slot_rekey_follows_classified_kind PASSED [ 14%]
tests/test_extractor_v2.py::TestClassifyStage::test_flag_on_via_env_toggle_only PASSED [ 14%]
tests/test_extractor_v2.py::TestClassifyStage::test_env_toggle_case_insensitive PASSED [ 14%]
tests/test_extractor_v2.py::TestClassifyStage::test_label_order_toggle_case_insensitive PASSED [ 14%]
tests/test_extractor_v2.py::TestClassifyStage::test_numeric_name_survives_union_classify PASSED [ 14%]
tests/test_extractor_v2.py::TestClassifyStage::test_norm_coerces_non_str PASSED [ 14%]
tests/test_extractor_v2.py::test_s3_real_backend_search SKIPPED (req...) [ 14%]
tests/test_extractor_v2.py::TestS4Merge::test_s2_item_s4_dropped_survives PASSED [ 14%]
tests/test_extractor_v2.py::TestS4Merge::test_s4_correction_wins_on_conflict PASSED [ 14%]
tests/test_extractor_v2.py::TestS4Merge::test_identical_s4_is_identity PASSED [ 14%]
tests/test_extractor_v2.py::TestS4Merge::test_empty_s4_returns_s2 PASSED [ 14%]
tests/test_extractor_v2.py::TestS4Merge::test_gap_items_appended_after_s2 PASSED [ 14%]
tests/test_extractor_v2.py::TestS4Merge::test_operator_dedup_includes_target_edge PASSED [ 14%]
tests/test_extractor_v2.py::TestS4Merge::test_none_sections_and_non_dict_entries_skipped PASSED [ 14%]
tests/test_extractor_v2.py::TestS4Merge::test_stats_recorded PASSED      [ 14%]
tests/test_extractor_v2.py::TestS4Merge::test_verbatim_reemissions_pure_reemit PASSED [ 14%]
tests/test_extractor_v2.py::TestS4Merge::test_verbatim_reemissions_correction_not_verbatim PASSED [ 14%]
tests/test_extractor_v2.py::TestS4Merge::test_verbatim_reemissions_event_kind_change_is_correction PASSED [ 14%]
tests/test_extractor_v2.py::TestS4Merge::test_verbatim_reemissions_optional_field_drop_stays_verbatim PASSED [ 14%]
tests/test_extractor_v2.py::TestS4Merge::test_verbatim_reemissions_gap_not_counted PASSED [ 14%]
tests/test_extractor_v2.py::TestS4Merge::test_verbatim_reemissions_scoped_to_4_sections PASSED [ 14%]
tests/test_extractor_v2.py::TestS4Merge::test_verbatim_reemissions_entity_kind_lens PASSED [ 14%]
tests/test_extractor_v2.py::TestS4Merge::test_verbatim_reemissions_pointkind_drift_is_not_verbatim PASSED [ 14%]
tests/test_extractor_v2.py::TestS4Merge::test_verbatim_reemissions_dup_key_capped_semantics PASSED [ 14%]
tests/test_extractor_v2.py::TestS4Merge::test_verbatim_reemissions_supersedes_change_is_correction PASSED [ 14%]
tests/test_extractor_v2.py::TestE4Orchestrator::test_s4_drop_does_not_lose_s2_point PASSED [ 14%]
tests/test_extractor_v2.py::TestE4Orchestrator::test_s4_empty_keeps_s2_with_warning PASSED [ 14%]
tests/test_extractor_v2.py::TestE4Orchestrator::test_s4_exception_keeps_s2_with_error PASSED [ 14%]
tests/test_extractor_v2.py::test_parse_json_handles_markdown_fences PASSED [ 14%]
tests/test_extractor_v2.py::test_s2_s4_cap_raised_to_16k_completes_dense_list PASSED [ 14%]
tests/test_extractor_v2.py::test_s2_s4_census_clean_at_16k_through_session PASSED [ 15%]
tests/test_extractor_v2.py::test_multi_session_haystack_truncation_escalates_or_fails_loud PASSED [ 15%]
tests/test_extractor_v2.py::test_over_32k_residual_census_killer_not_partial_parse PASSED [ 15%]
tests/test_extractor_v2.py::test_s2_residual_then_s4_recovers PASSED     [ 15%]
tests/test_extractor_v2.py::test_s4_dense_emit_completes_at_16k PASSED   [ 15%]
tests/test_extractor_v2.py::TestEscalation2134::test_length_escalates_once_and_recovers PASSED [ 15%]
tests/test_extractor_v2.py::TestEscalation2134::test_length_residual_fails_loud PASSED [ 15%]
tests/test_extractor_v2.py::TestEscalation2134::test_length_residual_cut_at_section_boundary_fails_loud PASSED [ 15%]
tests/test_extractor_v2.py::TestEscalation2134::test_length_truncated_clean_parseable_still_escalates PASSED [ 15%]
tests/test_extractor_v2.py::TestEscalation2134::test_non_length_no_escalation PASSED [ 15%]
tests/test_extractor_v2.py::TestEscalation2134::test_length_on_reparse_attempt_escalates PASSED [ 15%]
tests/test_extractor_v2.py::TestEscalation2134::test_escalated_stop_malformed_ladder_terminal PASSED [ 15%]
tests/test_extractor_v2.py::TestEscalation2134::test_escalated_call_abort_falls_back_to_head_reparse PASSED [ 15%]
tests/test_extractor_v2.py::TestEscalation2134::test_escalated_abort_llm_calls_counts_all_calls PASSED [ 15%]
tests/test_extractor_v2.py::TestEscalation2134::test_length_truncation_at_base_ge_esc_still_fails_loud PASSED [ 15%]
tests/test_extractor_v2.py::TestEscalation2134::test_residual_seam_keys_are_per_list_max_not_sum PASSED [ 15%]
tests/test_extractor_v2.py::TestEscalation2134::test_s1_esc_le_base_no_escalation_event PASSED [ 15%]
tests/test_extractor_v2.py::TestEscalation2134::test_s1_recovered_escalation_does_not_inflate_seam_overage PASSED [ 15%]
tests/test_extractor_v2.py::TestEscalation2134::test_escalated_call_abort_on_reprompt_path_reparses_truncating_response PASSED [ 15%]
tests/test_extractor_v2.py::TestEscalation2134::test_escalated_call_stall_detection_bounded PASSED [ 15%]
tests/test_extractor_v2.py::TestEscalation2134::test_escalation_token_accumulation_single_call PASSED [ 15%]
tests/test_extractor_v2.py::TestEscalation2134::test_escalated_call_deadline_scales PASSED [ 15%]
tests/test_extractor_v2.py::TestSeamOutTokens2408::test_s2_success_records_out_tokens PASSED [ 15%]
tests/test_extractor_v2.py::TestSeamOutTokens2408::test_s4_success_records_out_tokens PASSED [ 15%]
tests/test_extractor_v2.py::TestSeamOutTokens2408::test_escalation_recovered_records_out_tokens PASSED [ 15%]
tests/test_extractor_v2.py::TestSeamOutTokens2408::test_residual_abort_partial_no_out_tokens PASSED [ 15%]
tests/test_extractor_v2.py::TestSeamOutTokens2408::test_escalated_partial_arm_records_no_out_tokens PASSED [ 15%]
tests/test_extractor_v2.py::TestSeamOutTokens2408::test_seam_none_no_out_tokens PASSED [ 15%]
tests/test_extractor_v2.py::TestS1Escalation2134::test_s1_length_escalates_once_and_recovers PASSED [ 15%]
tests/test_extractor_v2.py::TestS1Escalation2134::test_s1_non_length_single_call PASSED [ 15%]
tests/test_extractor_v2.py::TestS1Escalation2134::test_s1_escalated_residual_returns_truncated_summary PASSED [ 15%]
tests/test_extractor_v2.py::TestS1Escalation2134::test_s1_escalated_call_abort_returns_attempt_summary PASSED [ 16%]
tests/test_extractor_v2.py::TestS1Escalation2134::test_s1_bucket_equality_at_rollup PASSED [ 16%]
tests/test_extractor_v2.py::TestEdusChunksRescue2335::test_stats_carries_edu_count PASSED [ 16%]
tests/test_extractor_v2.py::TestEdusChunksRescue2335::test_s4_full_rescue_counts_when_s2_empty PASSED [ 16%]
tests/test_extractor_v2.py::TestEdusChunksRescue2335::test_no_rescue_when_s2_produced PASSED [ 16%]
tests/test_extractor_v2.py::TestKindClassifierAdjudication2134::test_kind_classifier_adjudication_length_no_escalation PASSED [ 16%]
tests/test_extractor_v2.py::TestOperatorSemantics2552::test_s2s4_prompts_carry_nand_direction_rule PASSED [ 16%]
tests/test_extractor_v2.py::TestOperatorSemantics2552::test_s2s4_prompts_carry_risk_and_mitigation_structure PASSED [ 16%]
tests/test_extractor_v2.py::TestOperatorSemantics2552::test_s4_prompt_carries_decision_reversal_rule_and_contract_key PASSED [ 16%]
tests/test_extractor_v2.py::TestOperatorSemantics2552::test_anti_routine_gate_carves_out_risk_claims PASSED [ 16%]
tests/test_extractor_v2.py::TestOperatorSemantics2552::test_nand_inverted_emission_is_canonicalized_newer_src PASSED [ 16%]
tests/test_extractor_v2.py::TestOperatorSemantics2552::test_nand_correct_direction_never_swapped PASSED [ 16%]
tests/test_extractor_v2.py::TestOperatorSemantics2552::test_nand_no_turn_ids_never_swapped PASSED [ 16%]
tests/test_extractor_v2.py::TestOperatorSemantics2552::test_risk_point_minted_and_mitigates_folds_on_target_edge PASSED [ 16%]
tests/test_extractor_v2.py::TestOperatorSemantics2552::test_mitigates_without_target_edge_drops_loudly_not_fabricated PASSED [ 16%]
tests/test_extractor_v2.py::TestOperatorSemantics2552::test_decision_reversal_point_supersedes_folds_corrects_record PASSED [ 16%]
tests/test_extractor_v2.py::TestOperatorSemantics2552::test_decision_reversal_unresolved_or_ambiguous_never_guesses PASSED [ 16%]
tests/test_extractor_v2.py::TestOperatorSemantics2552::test_point_supersede_self_ref_skipped PASSED [ 16%]
tests/test_longmem_reader_prompting.py::test_question_type_reaches_reader PASSED [ 16%]
tests/test_longmem_reader_prompting.py::test_reader_protocol_accepts_question_type PASSED [ 16%]
tests/test_longmem_reader_prompting.py::test_temporal_prompt_contains_date_reasoning_instructions PASSED [ 16%]
tests/test_longmem_reader_prompting.py::test_preference_prompt_contains_option_commitment_instructions PASSED [ 16%]
tests/test_longmem_reader_prompting.py::test_temporal_prompt_preserves_abstention_license PASSED [ 16%]
tests/test_longmem_reader_prompting.py::test_temporal_abs_abstains_on_missing_event_end_to_end PASSED [ 16%]
tests/test_longmem_reader_prompting.py::test_untouched_types_keep_generic_prompt PASSED [ 16%]
tests/test_longmem_reader_prompting.py::test_type_fragments_append_after_universal_clause PASSED [ 16%]
tests/test_longmem_reader_prompting.py::test_temporal_question_answered_from_dates_end_to_end PASSED [ 16%]
tests/test_longmem_reader_prompting.py::test_preference_question_answered_from_option_end_to_end PASSED [ 16%]
tests/test_longmem_reader_prompting.py::test_mini_pipeline_still_green_with_question_type PASSED [ 16%]
tests/test_longmem_reader_prompting.py::test_render_context_carries_dates_for_temporal_reader PASSED [ 16%]
tests/test_longmem_reader_prompting.py::test_abstention_clause_present_for_all_question_types PASSED [ 16%]
tests/test_longmem_reader_prompting.py::test_abstention_clause_keeps_commit_side_guard PASSED [ 16%]
tests/test_longmem_reader_prompting.py::test_abstention_clause_commits_on_present_value_any_phrasing PASSED [ 17%]
tests/test_longmem_reader_prompting.py::test_abstention_clause_scopes_abstention_to_true_gaps PASSED [ 17%]
tests/test_longmem_reader_prompting.py::test_abstention_clause_never_keyed_on_abs PASSED [ 17%]
tests/test_longmem_reader_prompting.py::test_clean_abstention_evidence_backed_end_to_end PASSED [ 17%]
tests/test_longmem_reader_prompting.py::test_decoy_commit_negative PASSED [ 17%]
tests/test_longmem_reader_prompting.py::test_present_value_commits_end_to_end PASSED [ 17%]
tests/test_longmem_reader_prompting.py::test_non_answer_mention_not_committed[negated] PASSED [ 17%]
tests/test_longmem_reader_prompting.py::test_non_answer_mention_not_committed[rejected] PASSED [ 17%]
tests/test_longmem_reader_prompting.py::test_non_answer_mention_not_committed[hypothetical] PASSED [ 17%]
tests/test_longmem_reader_prompting.py::test_empty_context_abstains_not_fabricates PASSED [ 17%]
tests/test_longmem_reader_prompting.py::test_near_miss_other_attribute_abstains PASSED [ 17%]
tests/test_longmem_reader_prompting.py::test_mixed_negated_and_affirmative_commits PASSED [ 17%]
tests/test_longmem_reader_prompting.py::test_hedge_never_embeds_the_answer_value PASSED [ 17%]
tests/test_longmem_reader_prompting.py::test_abs_never_crosses_reader_call_site PASSED [ 17%]
tests/test_longmem_reader_prompting.py::test_abstention_clause_is_two_phase_structural PASSED [ 17%]
tests/test_longmem_reader_prompting.py::test_reval3_present_gold_commits[b86304ba-sunset-painting] PASSED [ 17%]
tests/test_longmem_reader_prompting.py::test_reval3_present_gold_commits[75499fd8-dog-breed] PASSED [ 17%]
tests/test_longmem_reader_prompting.py::test_reval3_present_gold_commits[ec81a493-album-copies] PASSED [ 17%]
tests/test_longmem_reader_prompting.py::test_reval3_present_gold_commits[51a45a95-coupon-venue] PASSED [ 17%]
tests/test_longmem_reader_prompting.py::test_partial_evidence_with_answer_present_commits PASSED [ 17%]
tests/test_longmem_reader_prompting.py::test_two_phase_genuine_absence_still_abstains PASSED [ 17%]
tests/test_longmem_reader_prompting.py::test_real_model_commits_on_present_value SKIPPED [ 17%]
tests/test_longmem_reader_prompting.py::test_real_model_no_abstention_on_present_dated_evidence SKIPPED [ 17%]
tests/test_epic903_fixtures.py::TestF1Corpus::test_f1_counts_match_spec_shape PASSED [ 17%]
tests/test_epic903_fixtures.py::TestF1Corpus::test_f1_six_derivation_trees PASSED [ 17%]
tests/test_epic903_fixtures.py::TestF1Corpus::test_f1_five_near_dup_pairs PASSED [ 17%]
tests/test_epic903_fixtures.py::TestF1Corpus::test_f1_ep_converges PASSED [ 17%]
tests/test_epic903_fixtures.py::TestF2Staleness::test_f2_stamps_are_fixed_iso_values PASSED [ 17%]
tests/test_epic903_fixtures.py::TestF2Staleness::test_f2_null_region_and_isolated_claim_unstamped PASSED [ 17%]
tests/test_epic903_fixtures.py::TestF2Staleness::test_f2_regions_disconnected_with_operators PASSED [ 17%]
tests/test_epic903_fixtures.py::TestF3Calibration::test_f3_fails_convergence_within_max_iter PASSED [ 17%]
tests/test_epic903_fixtures.py::TestF3Calibration::test_f3_robust_across_seeds PASSED [ 18%]
tests/test_epic903_fixtures.py::TestF3Calibration::test_f3_b7_triangle_unsuitable_negative_control PASSED [ 18%]
tests/test_epic903_fixtures.py::TestF4FrozenTruth::test_f4_oracle_computed_on_sandboxed_clone PASSED [ 18%]
tests/test_epic903_fixtures.py::TestF4FrozenTruth::test_f4_oracle_reproducible_from_scratch PASSED [ 18%]
tests/test_epic903_fixtures.py::TestF5Diagnostics::test_f5_pinned_counts PASSED [ 18%]
tests/test_epic903_fixtures.py::TestF5Diagnostics::test_f5_fan_out_sums_to_edge_count PASSED [ 18%]
tests/test_epic903_fixtures.py::TestF5Diagnostics::test_f5_stats_computable_after_reopen PASSED [ 18%]
tests/test_retrieval.py::test_resolve_pool_size_default_is_120 PASSED    [ 18%]
tests/test_retrieval.py::test_resolve_pool_size_env_knob PASSED          [ 18%]
tests/test_retrieval.py::test_resolve_pool_size_exact_override_semantics PASSED [ 18%]
tests/test_retrieval.py::test_is_raw_chunk_recognizes_transcript PASSED  [ 18%]
tests/test_retrieval.py::test_dedup_pool_per_session_cap PASSED          [ 18%]
tests/test_retrieval.py::test_context_interleaves_points_and_chunks_by_rank PASSED [ 18%]
tests/test_retrieval.py::test_context_item_cap_and_token_budget PASSED   [ 18%]
tests/test_retrieval.py::test_context_token_budget_enforced PASSED       [ 18%]
tests/test_retrieval.py::test_context_oversized_hit_skips_not_starves PASSED [ 18%]
tests/test_retrieval.py::test_context_contentless_hits_consume_no_slot PASSED [ 18%]
tests/test_retrieval.py::test_context_empty_hits_preserve_token_accounting_invariant PASSED [ 18%]
tests/test_retrieval.py::test_context_normal_items_render_byte_identical PASSED [ 18%]
tests/test_retrieval.py::test_context_contentless_hit_with_marker_text_is_kept PASSED [ 18%]
tests/test_retrieval.py::test_context_skipped_hit_frees_budget_for_later_real_hit PASSED [ 18%]
tests/test_retrieval.py::test_context_reader_alignment_invariant PASSED  [ 18%]
tests/test_retrieval.py::test_render_context_without_dates_is_backward_compatible PASSED [ 18%]
tests/test_retrieval.py::test_render_context_annotates_superseded_and_superseding_hits PASSED [ 18%]
tests/test_retrieval.py::test_boost_promotes_marked_hits PASSED          [ 18%]
tests/test_retrieval.py::test_boost_class_priority_answer_string_strongest PASSED [ 18%]
tests/test_retrieval.py::test_boost_answer_string_knob_honored PASSED    [ 18%]
tests/test_retrieval.py::test_boost_no_marked_point_displacement PASSED  [ 18%]
tests/test_retrieval.py::test_boost_boundary_point_not_displaced PASSED  [ 18%]
tests/test_retrieval.py::test_boost_stored_mark_fallback_source_class PASSED [ 18%]
tests/test_retrieval.py::test_boost_rejects_invalid_multipliers PASSED   [ 18%]
tests/test_retrieval.py::test_boost_constants_and_estimator_documented PASSED [ 18%]
tests/test_retrieval.py::test_retryable_transient_predicate_matrix PASSED [ 19%]
tests/test_retrieval.py::test_call_with_predicate_retry_loop PASSED      [ 19%]
tests/test_retrieval.py::test_retry_import_identity PASSED               [ 19%]
tests/test_w4_why_enrichment.py::test_flag_off_emission_byte_identical PASSED [ 19%]
tests/test_w4_why_enrichment.py::test_flag_on_emits_contract_on_search_surface PASSED [ 19%]
tests/test_w4_why_enrichment.py::test_clean_points_carry_no_conflict_noise PASSED [ 19%]
tests/test_w4_why_enrichment.py::test_deterministic_dig_deeper_labels PASSED [ 19%]
tests/test_w4_why_enrichment.py::test_dig_deeper_cap_and_tradeoff_precedence PASSED [ 19%]
tests/test_w4_why_enrichment.py::test_warnings_derived_from_ep_contested PASSED [ 19%]
tests/test_w4_why_enrichment.py::test_budgets_enforced PASSED            [ 19%]
tests/test_w4_why_enrichment.py::test_flag_drift_all_four_surfaces PASSED [ 19%]
tests/test_w4_why_enrichment.py::test_flag_off_mcp_surfaces_byte_identical PASSED [ 19%]
tests/test_w4_why_enrichment.py::test_e2e1_conflict_surfacing_rate PASSED [ 19%]
tests/test_w4_why_enrichment.py::test_e2e6_supersession_aware_recall PASSED [ 19%]
tests/test_w4_why_enrichment.py::test_superseded_kind_pointer_only_when_supersession_data_exists PASSED [ 19%]
tests/test_w4_why_enrichment.py::test_assembly_bounded_batch_reads PASSED [ 19%]
tests/test_w4_why_enrichment.py::test_assembly_partial_dimension_fail_open PASSED [ 19%]
tests/test_w4_why_enrichment.py::test_supersession_fetch_failure_degrades_honestly PASSED [ 19%]
tests/test_w4_why_enrichment.py::test_assembly_fail_open_never_breaks_turn PASSED [ 19%]
tests/test_w4_why_enrichment.py::test_assemble_why_blocks_canonical_shape PASSED [ 19%]
tests/test_w4_why_enrichment.py::test_canonical_ep_real_for_no_nand_point PASSED [ 19%]
tests/test_w4_why_enrichment.py::test_surface_glue_fail_open_ask_and_analyze PASSED [ 19%]
tests/test_w4_why_enrichment.py::test_analyze_why_ep_real_for_clean_point PASSED [ 19%]
tests/test_w4_why_enrichment.py::test_nand_snippet_prefers_counterargument_content PASSED [ 19%]
tests/test_w4_why_enrichment.py::test_point_ids_in_raw_extraction PASSED [ 19%]
tests/test_w4_why_enrichment.py::test_ontology_vocabulary_registered PASSED [ 19%]
tests/test_w4_why_enrichment.py::test_bare_point_empty_conventions PASSED [ 19%]
tests/test_w4_why_enrichment.py::test_mixed_edge_support_legs_merge PASSED [ 19%]
tests/test_w4_why_enrichment.py::test_rogue_variance_coerces_and_projection_fail_open PASSED [ 19%]
tests/test_w4_why_enrichment.py::test_single_alternative_decision_no_tradeoffs PASSED [ 19%]
tests/test_w4_why_enrichment.py::test_tradeoffs_bounded_cap PASSED       [ 19%]
tests/test_w4_why_enrichment.py::test_ask_why_entry_canonical_posterior_mean PASSED [ 20%]
tests/test_writer_inventory.py::TestCreateApiKey::test_key_lands_in_api_keys_and_resolves PASSED [ 20%]
tests/test_writer_inventory.py::TestCreateApiKey::test_mint_with_name_writes_row_and_lists PASSED [ 20%]
tests/test_writer_inventory.py::TestCreateApiKey::test_never_touches_registry PASSED [ 20%]
tests/test_writer_inventory.py::TestCreateApiKey::test_fail_closed_on_control_plane_error PASSED [ 20%]
tests/test_writer_inventory.py::TestCreateApiKey::test_quota_counts_api_keys_from_supabase PASSED [ 20%]
tests/test_writer_inventory.py::TestCreateApiKeyExpiry2426::test_expires_in_mint_writes_row_echoes_and_lists PASSED [ 20%]
tests/test_writer_inventory.py::TestCreateApiKeyExpiry2426::test_never_mint_writes_null_and_keeps_legacy_shape PASSED [ 20%]
tests/test_writer_inventory.py::TestCreateApiKeyExpiry2426::test_expires_at_iso_date_mint PASSED [ 20%]
tests/test_writer_inventory.py::TestCreateApiKeyExpiry2426::test_validation_422_supabase_lane PASSED [ 20%]
tests/test_writer_inventory.py::TestCreateApiKeyExpiry2426::test_expired_key_does_not_authenticate PASSED [ 20%]
tests/test_writer_inventory.py::TestCreateApiKeyExpiry2426::test_expired_durable_frees_a_cap_slot PASSED [ 20%]
tests/test_writer_inventory.py::TestRevokedKeysDoNotConsumeCap2481::test_revoke_then_mint_succeeds_at_cap PASSED [ 20%]
tests/test_writer_inventory.py::TestRevokedKeysDoNotConsumeCap2481::test_preseeded_revoked_tombstones_never_402_or_409 PASSED [ 20%]
tests/test_writer_inventory.py::TestListApiKeys::test_lists_all_keys_incl_revoked_newest_first PASSED [ 20%]
tests/test_writer_inventory.py::TestListApiKeys::test_never_touches_registry PASSED [ 20%]
tests/test_writer_inventory.py::TestRevokeApiKey::test_revoke_round_trip PASSED [ 20%]
tests/test_writer_inventory.py::TestRevokeApiKey::test_unknown_key_404 PASSED [ 20%]
tests/test_writer_inventory.py::TestRevokeApiKey::test_other_team_key_403 PASSED [ 20%]
tests/test_writer_inventory.py::TestRevokeApiKey::test_never_touches_registry PASSED [ 20%]
tests/test_writer_inventory.py::TestAgentSignup::test_signup_provisions_identity_path PASSED [ 20%]
tests/test_writer_inventory.py::TestAgentSignup::test_never_touches_registry PASSED [ 20%]
tests/test_writer_inventory.py::TestAgentSignup::test_fail_closed_on_rpc_error PASSED [ 20%]
tests/test_writer_inventory.py::TestAgentSignup::test_rate_limit_query_shape PASSED [ 20%]
tests/test_writer_inventory.py::TestAgentSignup::test_signup_caps_match_free_tier PASSED [ 20%]
tests/test_writer_inventory.py::TestRegister::test_register_provisions_with_email PASSED [ 20%]
tests/test_writer_inventory.py::TestRegister::test_duplicate_email_409 PASSED [ 20%]
tests/test_writer_inventory.py::TestRegister::test_never_touches_registry PASSED [ 20%]
tests/test_writer_inventory.py::TestRegister::test_fail_closed_on_rpc_error PASSED [ 20%]
tests/test_writer_inventory.py::TestCreateTeam::test_create_team_user_path PASSED [ 20%]
tests/test_writer_inventory.py::TestCreateTeam::test_create_team_keyless_no_api_keys_row PASSED [ 20%]
tests/test_writer_inventory.py::TestCreateTeam::test_duplicate_name_409 PASSED [ 20%]
tests/test_writer_inventory.py::TestCreateTeam::test_duplicate_name_race_maps_rpc_409 PASSED [ 21%]
tests/test_writer_inventory.py::TestCreateTeam::test_rate_limit_counts_owner_rows_only PASSED [ 21%]
tests/test_writer_inventory.py::TestCreateTeam::test_rate_limit_3_per_hour PASSED [ 21%]
tests/test_writer_inventory.py::TestCreateTeam::test_rate_limit_ignores_old_rows PASSED [ 21%]
tests/test_writer_inventory.py::TestCreateTeam::test_never_touches_registry PASSED [ 21%]
tests/test_writer_inventory.py::TestCreateTeam::test_backup_round_trip_dashboard_created_team PASSED [ 21%]
tests/test_writer_inventory.py::TestMembers::test_list_members_active_and_invited PASSED [ 21%]
tests/test_writer_inventory.py::TestMembers::test_remove_member PASSED   [ 21%]
tests/test_writer_inventory.py::TestMembers::test_remove_agent_member_by_identity PASSED [ 21%]
tests/test_writer_inventory.py::TestMembers::test_remove_owner_409 PASSED [ 21%]
tests/test_writer_inventory.py::TestMembers::test_remove_unknown_404 PASSED [ 21%]
tests/test_writer_inventory.py::TestMembers::test_change_role PASSED     [ 21%]
tests/test_writer_inventory.py::TestMembers::test_change_owner_role_409 PASSED [ 21%]
tests/test_writer_inventory.py::TestMembers::test_never_touches_registry PASSED [ 21%]
tests/test_writer_inventory.py::TestReconcile::test_sweeps_expired_bootstrap_keys PASSED [ 21%]
tests/test_writer_inventory.py::TestReconcile::test_rejects_bad_key PASSED [ 21%]
tests/test_writer_inventory.py::TestReconcile::test_never_touches_registry PASSED [ 21%]
tests/test_writer_inventory.py::TestGraphSurface::test_create_graph_writes_row_supabase_mode PASSED [ 21%]
tests/test_writer_inventory.py::TestGraphSurface::test_free_tier_402_blocks_custom PASSED [ 21%]
tests/test_writer_inventory.py::TestGraphSurface::test_list_graphs_derives_default_and_key_count PASSED [ 21%]
tests/test_writer_inventory.py::TestGraphSurface::test_list_my_teams_uses_derived_graphs PASSED [ 21%]
tests/test_writer_inventory.py::TestGraphSurface::test_graph_quota_409_at_cap_solo PASSED [ 21%]
tests/test_writer_inventory.py::TestGraphSurface::test_never_touches_registry PASSED [ 21%]
tests/test_writer_inventory.py::TestInternalProvisionDisabled::test_disabled_in_supabase_mode PASSED [ 21%]
tests/test_writer_inventory.py::TestInternalProvisionDisabled::test_never_touches_registry PASSED [ 21%]
tests/test_writer_inventory.py::TestOnboardingTeam::test_subteam_provisions_via_rpc PASSED [ 21%]
tests/test_writer_inventory.py::TestOnboardingTeam::test_subteam_requires_session_user PASSED [ 21%]
tests/test_writer_inventory.py::TestOnboardingTeam::test_key_auth_owner_from_key_creator PASSED [ 21%]
tests/test_writer_inventory.py::TestOnboardingTeam::test_keyless_subteam_session_key_mint_still_works PASSED [ 21%]
tests/test_writer_inventory.py::TestOnboardingTeam::test_never_touches_registry PASSED [ 21%]
tests/test_writer_inventory.py::TestZeroRegistryInventory::test_endpoint_never_touches_registry[create_api_key writer] PASSED [ 21%]
tests/test_writer_inventory.py::TestZeroRegistryInventory::test_endpoint_never_touches_registry[list_api_keys reader] PASSED [ 22%]
tests/test_writer_inventory.py::TestZeroRegistryInventory::test_endpoint_never_touches_registry[agent_signup writer] PASSED [ 22%]
tests/test_writer_inventory.py::TestZeroRegistryInventory::test_endpoint_never_touches_registry[agent_token_revoke writer] PASSED [ 22%]
tests/test_writer_inventory.py::TestZeroRegistryInventory::test_endpoint_never_touches_registry[register writer] PASSED [ 22%]
tests/test_writer_inventory.py::TestZeroRegistryInventory::test_endpoint_never_touches_registry[create_team writer] PASSED [ 22%]
tests/test_writer_inventory.py::TestZeroRegistryInventory::test_endpoint_never_touches_registry[member listing] PASSED [ 22%]
tests/test_writer_inventory.py::TestZeroRegistryInventory::test_endpoint_never_touches_registry[reconcile] PASSED [ 22%]
tests/test_writer_inventory.py::TestZeroRegistryInventory::test_endpoint_never_touches_registry[onboarding] PASSED [ 22%]
tests/test_writer_inventory.py::TestZeroRegistryInventory::test_endpoint_never_touches_registry[graph_list] PASSED [ 22%]
tests/test_writer_inventory.py::TestBackupEndpointsSupabaseGraphName::test_backup_create_uses_teams_graph_name PASSED [ 22%]
tests/test_writer_inventory.py::TestBackupEndpointsSupabaseGraphName::test_backup_restore_uses_teams_graph_name PASSED [ 22%]
tests/test_writer_inventory.py::TestBackupEndpointsSupabaseGraphName::test_restore_binds_live_graph_to_teams_graph_name PASSED [ 22%]
tests/test_writer_inventory.py::TestBackupEndpointsSupabaseGraphName::test_backup_create_fail_closed_when_team_vanished PASSED [ 22%]
tests/test_round_trip_parity.py::test_round_trip_same_shape[embedded] PASSED [ 22%]
tests/test_round_trip_parity.py::test_round_trip_same_shape[docker] PASSED [ 22%]
tests/test_pack_manifest_store_extraction.py::TestTenantMaster::test_tenant_master_includes_tenant_kinds PASSED [ 22%]
tests/test_pack_manifest_store_extraction.py::TestTenantMaster::test_default_master_pack_kinds_byte_identity PASSED [ 22%]
tests/test_pack_manifest_store_extraction.py::TestTenantMaster::test_compact_selection_keeps_tenant_kinds PASSED [ 22%]
tests/test_pack_manifest_store_extraction.py::TestHostedExtractionMinting::test_tenant_a_extraction_mints_tenant_kind PASSED [ 22%]
tests/test_pack_manifest_store_extraction.py::TestHostedExtractionMinting::test_tenant_a_memory_granularity_reaches_s1 PASSED [ 22%]
tests/test_pack_manifest_store_extraction.py::TestCrossTenantNegative::test_tenant_b_never_sees_tenant_a_kinds PASSED [ 22%]
tests/test_pack_manifest_store_extraction.py::TestMemoization::test_graph_identity_is_per_team PASSED [ 22%]
tests/test_pack_manifest_store_extraction.py::TestMemoization::test_fleet_cap_eviction_does_not_crash PASSED [ 22%]
tests/test_pack_manifest_store_extraction.py::TestMemoization::test_view_memo_hit_and_write_invalidation PASSED [ 22%]
tests/test_pack_manifest_store_extraction.py::TestMemoization::test_sha256_in_cache_key_invalidates_same_version_reupload PASSED [ 22%]
tests/test_extractor_reliability.py::test_complete_retries_transient_429_then_succeeds PASSED [ 22%]
tests/test_extractor_reliability.py::test_complete_retries_5xx_network_timeout[exc0] PASSED [ 22%]
tests/test_extractor_reliability.py::test_complete_retries_5xx_network_timeout[exc1] PASSED [ 22%]
tests/test_extractor_reliability.py::test_complete_retries_5xx_network_timeout[exc2] PASSED [ 22%]
tests/test_extractor_reliability.py::test_complete_retries_5xx_network_timeout[exc3] PASSED [ 22%]
tests/test_extractor_reliability.py::test_complete_retries_5xx_network_timeout[exc4] PASSED [ 22%]
tests/test_extractor_reliability.py::test_complete_no_retry_on_fatal_4xx[401] PASSED [ 22%]
tests/test_extractor_reliability.py::test_complete_no_retry_on_fatal_4xx[402] PASSED [ 23%]
tests/test_extractor_reliability.py::test_complete_no_retry_on_fatal_4xx[403] PASSED [ 23%]
tests/test_extractor_reliability.py::test_complete_no_retry_on_fatal_4xx[400] PASSED [ 23%]
tests/test_extractor_reliability.py::test_complete_no_retry_on_fatal_4xx[422] PASSED [ 23%]
tests/test_extractor_reliability.py::test_complete_unknown_class_retries PASSED [ 23%]
tests/test_extractor_reliability.py::test_classify_error_matrix PASSED   [ 23%]
tests/test_extractor_reliability.py::test_complete_stats_recorded_on_failure PASSED [ 23%]
tests/test_extractor_reliability.py::test_complete_deadline_aborts_attempt PASSED [ 23%]
tests/test_extractor_reliability.py::test_call_once_deadline_signals_note_stall PASSED [ 23%]
tests/test_extractor_reliability.py::test_complete_passes_stage_cap PASSED [ 23%]
tests/test_extractor_reliability.py::test_complete_env_override PASSED   [ 23%]
tests/test_extractor_reliability.py::test_complete_truncation_detected PASSED [ 23%]
tests/test_extractor_reliability.py::test_complete_zero_is_uncapped PASSED [ 23%]
tests/test_extractor_reliability.py::test_unbounded_adapter_warns_and_records PASSED [ 23%]
tests/test_extractor_reliability.py::test_extract_census_aggregates_stage_failures PASSED [ 23%]
tests/test_extractor_reliability.py::test_extract_census_parse_error PASSED [ 23%]
tests/test_extractor_reliability.py::test_extract_census_truncated_parse_error PASSED [ 23%]
tests/test_extractor_reliability.py::test_census_equality_mixed_errors PASSED [ 23%]
tests/test_extractor_reliability.py::test_llm_truncated_warning_only_not_error PASSED [ 23%]
tests/test_extractor_reliability.py::test_recovered_retry_records_truncation_flag PASSED [ 23%]
tests/test_extractor_reliability.py::test_ingest_v2_llm_and_recovery_rollup PASSED [ 23%]
tests/test_extractor_reliability.py::test_extract_stats_llm_rollup PASSED [ 23%]
tests/test_extractor_reliability.py::test_telemetry_retry_count_wired PASSED [ 23%]
tests/test_extractor_reliability.py::test_extract_census_empty_on_clean_run PASSED [ 23%]
tests/test_extractor_reliability.py::test_live_probe_markers_pinned PASSED [ 23%]
tests/test_extractor_reliability.py::test_stage_cap_override_above_default PASSED [ 23%]
tests/test_extractor_reliability.py::test_stage_cap_invalid_override_warns_and_defaults PASSED [ 23%]
tests/test_extractor_reliability.py::test_stage_cap_thread_safety_mixed_env PASSED [ 23%]
tests/test_extractor_reliability.py::test_complete_deadline_scales_with_max_tokens PASSED [ 23%]
tests/test_extractor_reliability.py::test_complete_wires_scaled_deadline PASSED [ 23%]
tests/test_extractor_reliability.py::test_complete_total_budget_exhausted_on_deadline PASSED [ 23%]
tests/test_extractor_reliability.py::test_complete_deadline_margin_at_throughput_boundary PASSED [ 24%]
tests/test_extractor_reliability.py::test_complete_deadline_kill_counts_deadline_aborts PASSED [ 24%]
tests/test_extractor_reliability.py::test_complete_network_timeout_does_not_count_deadline_aborts PASSED [ 24%]
tests/test_extractor_reliability.py::test_deadline_aborts_threaded_exact_count PASSED [ 24%]
tests/test_extractor_reliability.py::test_call_once_deadline_snapshot_before_close_cools_wedged_primary PASSED [ 24%]
tests/test_extractor_reliability.py::test_call_once_deadline_cools_wedged_primary_end_to_end PASSED [ 24%]
tests/test_extractor_reliability.py::test_two_strikes_trip_sticky_third_stall_uses_fallback PASSED [ 24%]
tests/test_extractor_reliability.py::test_routingmodel_unsicks_from_cooled_fallback_to_healthy_primary PASSED [ 24%]
tests/test_extractor_reliability.py::test_half_open_probe_returns_session_to_primary_on_success PASSED [ 24%]
tests/test_extractor_reliability.py::test_rotating_two_strikes_down_lane_half_open_probe_restores PASSED [ 24%]
tests/test_write_consolidation.py::TestCreateEntity::test_routes_subject PASSED [ 24%]
tests/test_write_consolidation.py::TestCreateEntity::test_routes_object PASSED [ 24%]
tests/test_write_consolidation.py::TestCreateEntity::test_routes_document PASSED [ 24%]
tests/test_write_consolidation.py::TestCreateEntity::test_routes_event_requires_eventkind PASSED [ 24%]
tests/test_write_consolidation.py::TestCreateEntity::test_type_case_insensitive PASSED [ 24%]
tests/test_write_consolidation.py::TestCreateEntity::test_unknown_type_raises PASSED [ 24%]
tests/test_write_consolidation.py::TestCreateEntity::test_aliases_are_thin_and_consistent PASSED [ 24%]
tests/test_write_consolidation.py::TestCreateEntity::test_event_preserves_about_edges PASSED [ 24%]
tests/test_write_consolidation.py::TestCreateEntity::test_event_about_name_resolution PASSED [ 24%]
tests/test_write_consolidation.py::TestCreateEntity::test_nested_props_coercion PASSED [ 24%]
tests/test_write_consolidation.py::TestUpdate::test_update_point_promotes_draft_to_live PASSED [ 24%]
tests/test_write_consolidation.py::TestUpdate::test_update_point_object_increments_version PASSED [ 24%]
tests/test_write_consolidation.py::TestUpdate::test_update_plain_entity_sets_props PASSED [ 24%]
tests/test_write_consolidation.py::TestUpdate::test_update_rejects_context_on_point PASSED [ 24%]
tests/test_write_consolidation.py::TestUpdate::test_update_validates_status PASSED [ 24%]
tests/test_write_consolidation.py::TestUpdate::test_update_only_promotes_draft_to_live PASSED [ 24%]
tests/test_write_consolidation.py::TestUpdate::test_update_unknown_id_returns_empty PASSED [ 24%]
tests/test_write_consolidation.py::TestUpdate::test_update_tags_sync PASSED [ 24%]
tests/test_write_consolidation.py::TestUpdate::test_update_entity_via_legacy_alias PASSED [ 24%]
tests/test_write_consolidation.py::TestDelete::test_delete_point PASSED  [ 24%]
tests/test_write_consolidation.py::TestDelete::test_delete_entity PASSED [ 24%]
tests/test_write_consolidation.py::TestDelete::test_delete_unknown_false PASSED [ 24%]
tests/test_write_consolidation.py::TestDelete::test_delete_event_by_eventid PASSED [ 25%]
tests/test_write_consolidation.py::TestSupersede::test_transfer_true_transfers_edges PASSED [ 25%]
tests/test_write_consolidation.py::TestSupersede::test_transfer_false_matches_invalidate PASSED [ 25%]
tests/test_write_consolidation.py::TestSupersede::test_default_is_full_supersede PASSED [ 25%]
tests/test_write_consolidation.py::TestSupersede::test_legacy_alias_parity PASSED [ 25%]
tests/test_write_consolidation.py::TestSupersede::test_guards_preserved PASSED [ 25%]
tests/test_write_consolidation.py::TestOperatorAction::test_mitigate_routes PASSED [ 25%]
tests/test_write_consolidation.py::TestOperatorAction::test_annotate_routes PASSED [ 25%]
[...]
  +     -2.156236587325111e-05,
  +     -0.004834186751395464,
  +     -0.051846232265233994,
  +     -0.02059043012559414,
  +     -0.0003563676436897367,
  +     -0.052325837314128876,
  +     -0.055557284504175186,
  +     -0.01814115047454834,
  +     0.027229513972997665,
  +     -0.02751423418521881,
  -     0.004951310344040394,
  -     0.00941800232976675,
  -     0.04621877893805504,
  -     0.03176838532090187,
  -     -0.012169620022177696,
  -     -0.08112026005983353,
  -     0.008591934107244015,
  -     0.038362082093954086,
  -     -0.008468471467494965,
  -     -0.07551293075084686,
  -     -0.05054060369729996,
  -     -0.1012277826666832,
  -     0.025520868599414825,
  -     0.006388082168996334,
  -     -0.005630892235785723,
  -     0.030015183612704277,
  -     -0.017597442492842674,
  -     0.012557636946439743,
  -     -0.044619884341955185,
  -     0.026910947635769844,
  -     -0.04156571999192238,
  -     -0.022019824013113976,
  -     0.05734344199299812,
  -     0.008927125483751297,
  -     0.010439308360219002,
  -     -0.008911366574466228,
  -     -0.00034054674324579537,
  -     0.028950737789273262,
  -     0.07327118515968323,
  -     -0.07122321426868439,
  -     -0.09376341849565506,
  -     0.0034926608204841614,
  -     0.05392896756529808,
  -     -0.08173432946205139,
  -     0.003996723331511021,
  -     0.004102079663425684,
  -     0.023801375180482864,
  -     -0.004060440696775913,
  -     0.004602762404829264,
  -     -0.025686006993055344,
  -     -0.06352106481790543,
  -     0.010894021950662136,
  -     -0.007416981738060713,
  -     0.014204912818968296,
  -     -0.04660056531429291,
  -     -0.012233356013894081,
  -     0.02133720926940441,
  -     0.06214458495378494,
  -     0.06753108650445938,
  -     -0.07790614664554596,
  -     -0.05598496273159981,
  -     0.03922656923532486,
  -     -0.004876285791397095,
  -     -0.03494328632950783,
  -     -0.05731924995779991,
  -     0.007222624961286783,
  -     0.05238709598779678,
  -     0.03897444158792496,
  -     0.01714550517499447,
  -     0.05757307633757591,
  -     -0.048896465450525284,
  -     0.011073071509599686,
  -     0.011263943277299404,
  -     -0.03658255934715271,
  -     -0.04496455192565918,
  -     0.045487891882658005,
  -     -0.03885594755411148,
  -     -0.007383833639323711,
  -     0.02056090347468853,
  -     0.006133354734629393,
  -     0.027790848165750504,
  -     0.017239129170775414,
  -     0.05893183499574661,
  -     0.0516272597014904,
  -     0.018505143001675606,
  -     -0.05297473818063736,
  -     0.03765624761581421,
  -     0.057597868144512177,
  -     -0.00708265183493495,
  -     0.010126191191375256,
  -     0.007682027295231819,
  -     -0.0527186244726181,
  ?         - ^        ^^ -
  +     -0.023186244070529938,
  ?          ^      + ++ ^^^
  -     -0.025701498612761497,
  -     0.02419433929026127,
  -     -0.01454927958548069,
  -     -0.020227160304784775,
  -     0.043656423687934875,
  -     -0.023174623027443886,
  -     0.003382901195436716,
  -     -0.08478487282991409,
  -     0.027358127757906914,
  -     -0.3231423795223236,
  -     -0.007933801971375942,
  -     0.007588133215904236,
  -     -0.10388024896383286,
  -     0.03712425380945206,
  -     -0.09559787809848785,
  -     0.04902457073330879,
  -     -0.022341594099998474,
  -     0.010875667445361614,
  -     -0.013070017099380493,
  -     0.01498260535299778,
  -     -0.0013054868904873729,
  -     -0.036037445068359375,
  -     0.045789074152708054,
  -     0.03425931930541992,
  -     -0.06052897498011589,
  -     0.0362575501203537,
  -     -0.030686216428875923,
  -     -0.007629427593201399,
  -     0.03248569369316101,
  -     -0.02036253549158573,
  -     0.02803913503885269,
  -     -0.012108328752219677,
  -     0.008364536799490452,
  -     0.02674560807645321,
  -     -0.016697419807314873,
  -     0.21526601910591125,
  -     0.0729212760925293,
  -     0.02878042310476303,
  -     -0.016936475411057472,
  -     0.008647658862173557,
  -     0.029115786775946617,
  -     -0.015045149251818657,
  -     -0.12523292005062103,
  -     -0.006754914298653603,
  -     0.0462150052189827,
  -     -0.00574122229591012,
  -     -0.002601323649287224,
  -     -0.006807463709264994,
  -     -0.012020780704915524,
  -     -0.026771459728479385,
  -     -0.0019130915170535445,
  -     -0.0013452195562422276,
  -     -0.10744459927082062,
  -     0.03150343894958496,
  -     0.011434284038841724,
  -     -0.034832317382097244,
  -     -0.07755547016859055,
  -     0.016125597059726715,
  -     0.047267235815525055,
  -     -0.0061879511922597885,
  -     -0.02734251506626606,
  -     0.015294781886041164,
  -     0.03991112485527992,
  -     -0.017751554027199745,
  -     0.04920370876789093,
  -     -0.07579567283391953,
  -     0.011183654889464378,
  -     0.004876964259892702,
  -     -0.01193013321608305,
  -     0.09226631373167038,
  -     0.027276718989014626,
  -     0.00038488503196276724,
  -     -0.08088091760873795,
  -     0.00471559539437294,
  -     0.018659185618162155,
  -     0.03603116795420647,
  -     -0.0011311505222693086,
  -     -0.012835315428674221,
  -     -0.04378749430179596,
  -     -1.8780578102450818e-05,
  -     0.047418802976608276,
  -     -0.024605244398117065,
  -     -0.03259117156267166,
  -     0.013129518367350101,
  -     0.06634239852428436,
  -     -0.024867219850420952,
  -     -0.022978143766522408,
  -     -0.02918502874672413,
  -     -0.051152486354112625,
  +     -0.033495523035526276,
  +     -0.0360618531703949,
  +     0.009248203597962856,
  +     -0.02880733832716942,
  +     -0.010697640478610992,
  +     0.06843964010477066,
  +     0.009047770872712135,
  +     0.0009901891462504864,
  +     -0.06563793867826462,
  +     -0.007286147214472294,
  +     0.019515566527843475,
  +     -0.03947418928146362,
  +     -0.10437899827957153,
  +     0.30901357531547546,
  +     -0.020745325833559036,
  +     0.05413467809557915,
  +     0.032159753143787384,
  +     -0.05389009416103363,
  +     0.04073987528681755,
  +     0.033307820558547974,
  +     -0.05882180482149124,
  +     -0.03481631353497505,
  +     -0.05847550183534622,
  +     0.07388433814048767,
  +     -0.006835022941231728,
  +     -0.027237188071012497,
  +     -0.02521294355392456,
  +     -0.024427790194749832,
  +     0.009856774471700191,
  +     0.053283099085092545,
  +     0.032655082643032074,
  +     0.020757632330060005,
  +     -0.018005257472395897,
  +     0.04458265379071236,
  +     -0.004510951228439808,
  +     0.0032578380778431892,
  +     -0.032053399831056595,
  +     -0.009607908315956593,
  +     0.015413982793688774,
  +     -0.016603177413344383,
  +     -0.0063489628955721855,
  +     0.11832252144813538,
  +     -0.030998362228274345,
  +     0.06273169815540314,
  +     0.060950957238674164,
  +     0.06823448836803436,
  +     -0.027233455330133438,
  +     -0.007847094908356667,
  +     -0.021483931690454483,
  +     -0.0008425686974078417,
  +     0.027540676295757294,
  +     0.02563176490366459,
  +     0.027770690619945526,
  +     0.027823831886053085,
  +     -0.0563494935631752,
  +     -0.020020948722958565,
  +     0.0038734422996640205,
  +     -0.06279776990413666,
  +     0.010330744087696075,
  +     0.008547205477952957,
  +     -0.005461498629301786,
  +     0.019062954932451248,
  +     -0.04064387455582619,
  +     -0.06662315130233765,
  +     0.003046609228476882,
  +     0.07878968864679337,
  +     -0.013304469175636768,
  +     0.025793546810746193,
  +     0.036605674773454666,
  +     0.0302488524466753,
  +     -0.01507998164743185,
  +     0.10527334362268448,
  +     -0.011162491515278816,
  +     0.030498165637254715,
  +     -0.003031591884791851,
  +     -0.044576387852430344,
  +     -0.05386659502983093,
  +     0.06822521239519119,
  +     -0.016061188653111458,
  +     -0.07312759011983871,
  +     -0.013409802690148354,
  +     -0.04679611697793007,
  +     -0.013666330836713314,
  +     0.004538059234619141,
  +     0.035226184874773026,
  +     -0.007747490890324116,
  +     -0.014125902205705643,
  +     0.000474711850984022,
  +     0.059283386915922165,
  +     0.006105472333729267,
  +     -0.023574121296405792,
  +     -0.011807401664555073,
  +     -0.01661890558898449,
  +     -0.00026889904984273016,
  +     0.017202753573656082,
  +     0.05147745832800865,
  +     0.016792943701148033,
  +     0.018794115632772446,
  +     0.024470359086990356,
  +     0.008702419698238373,
  +     0.043158598244190216,
  +     -0.052129264920949936,
  +     -0.014682489447295666,
  +     0.03632362559437752,
  +     0.008849995210766792,
  +     0.06108129397034645,
  +     0.06234266608953476,
  +     0.021256597712635994,
  +     0.0061198752373456955,
  +     0.011787466704845428,
  +     -0.024942228570580482,
  +     0.003259788267314434,
  +     0.029605109244585037,
  +     -0.048899006098508835,
  +     0.1080591231584549,
  +     -0.022475840523838997,
  +     -0.021361583843827248,
  +     -0.01489233784377575,
  +     0.0654805451631546,
  +     0.029552359133958817,
  +     0.027616193518042564,
  +     -0.07971122115850449,
  +     0.03754129633307457,
  +     -0.007022920995950699,
  +     -0.036855995655059814,
  +     -0.012937239371240139,
  +     0.03321986272931099,
  +     -0.016729578375816345,
  +     0.008291319012641907,
  +     0.01641192100942135,
  +     -0.0434555821120739,
  +     0.00046010699588805437,
  +     -0.06007947400212288,
  +     -0.008883052505552769,
  +     -0.01110423356294632,
  +     -0.07564370334148407,
  +     0.01302314456552267,
  +     -0.3122223913669586,
  +     0.0319925993680954,
  +     -0.026134062558412552,
  +     -0.046331338584423065,
  +     -0.0212116539478302,
  +     -0.03379855677485466,
  +     -0.0006866429466754198,
  +     -0.027020025998353958,
  +     0.03408738225698471,
  +     0.09879788011312485,
  +     0.04052256420254707,
  +     -0.010640458203852177,
  +     -0.010212037712335587,
  +     0.06169838830828667,
  +     0.008555524982511997,
  +     0.04914740473031998,
  +     0.07879508286714554,
  +     -0.006360562983900309,
  +     0.06983347237110138,
  +     -0.02621503733098507,
  +     -0.03119015507400036,
  +     0.052657097578048706,
  +     0.0016931408317759633,
  +     -0.024229656904935837,
  +     0.0013856533914804459,
  +     -0.030807211995124817,
  +     0.147904172539711,
  +     0.033869363367557526,
  +     0.015773752704262733,
  +     -0.05850060284137726,
  +     0.02114826627075672,
  +     0.030716313049197197,
  +     0.02500564604997635,
  +     -0.020869212225079536,
  +     0.03512251377105713,
  +     0.054124344140291214,
  +     -0.005968513898551464,
  +     0.021157482638955116,
  +     -0.05328267812728882,
  +     -0.031525373458862305,
  -     0.0330086350440979,
  ?            -- --  -
  +     0.03305903449654579,
  ?           ++     ++++
  -     -0.04192335158586502,
  -     0.00247396994382143,
  -     0.018913213163614273,
  -     0.043572574853897095,
  -     -0.009474676102399826,
  -     -0.027176158502697945,
  -     -0.014803840778768063,
  -     0.014111563563346863,
  -     0.0019772613886743784,
  -     -0.012622416019439697,
  -     -0.06395494192838669,
  -     -0.09095732867717743,
  -     -0.05038395896553993,
  -     -0.02537129819393158,
  -     -0.012011733837425709,
  -     -0.28848594427108765,
  -     0.005591017659753561,
  -     -0.004718094132840633,
  -     0.03341026231646538,
  -     -0.02452286146581173,
  -     0.09606988728046417,
  -     -0.00827817153185606,
  -     0.04772225022315979,
  -     -0.0649285614490509,
  -     0.053991302847862244,
  -     0.040508538484573364,
  -     0.03588828444480896,
  -     0.04702546447515488,
  -     0.031647879630327225,
  -     -0.01644468493759632,
  -     -0.04069839045405388,
  -     0.053796205669641495,
  -     -0.006857290863990784,
  -     -0.041573163121938705,
  -     -0.026764044538140297,
  -     0.03385539725422859,
  -     -0.002023956971243024,
  -     0.17341388761997223,
  -     0.009581285528838634,
  -     0.00034307854366488755,
  -     -0.046968527138233185,
  -     -0.00810726173222065,
  -     0.020702103152871132,
  -     0.014532973989844322,
  -     0.0021434128284454346,
  -     -0.04938499629497528,
  -     0.005140204913914204,
  -     0.0530797503888607,
  -     -0.0004934751195833087,
  -     -0.008767425082623959,
  -     -0.03466619551181793,
  -     -0.025928227230906487,
  -     0.008316392078995705,
  -     0.05335305258631706,
  -     -0.04185668006539345,
  -     -0.07080985605716705,
  -     0.020702827721834183,
  -     -0.02683347463607788,
  -     -0.009120701812207699,
  -     0.0711279883980751,
  -     0.04095236957073212,
  -     -0.013850659132003784,
  -     -0.0018263200763612986,
  -     0.003352099796757102,
  -     0.07359285652637482,
  -     0.0004551054153125733,
  -     -0.015414192341268063,
  -     0.05218062922358513,
  -     0.026561005041003227,
  -     0.012591416947543621,
  -     -0.0022785221226513386,
  -     -0.05694001913070679,
  -     0.02649700827896595,
  -     -0.013679137453436852,
  -     0.05771298706531525,
  -     0.00898223090916872,
  -     -0.009034550748765469,
  -     -0.013904595747590065,
  -     0.03350566327571869,
  -     -0.01735123246908188,
  +     -0.046511128544807434,
  +     -0.03520568460226059,
  +     -0.09842212498188019,
  +     0.020708909258246422,
  +     -0.01980472169816494,
  +     -0.041397422552108765,
  +     -0.04645797982811928,
  +     -0.10934153944253922,
  +     -0.04157673940062523,
  +     0.009033934213221073,
  +     0.009511490352451801,
  +     0.05969090387225151,
  +     -0.026751330122351646,
  +     -0.018475692719221115,
  +     -0.031123081222176552,
  +     -0.07458731532096863,
  +     -0.02932078018784523,
  +     -0.006860376335680485,
  +     0.031944822520017624,
  +     0.03841289132833481,
  +     0.008885392919182777,
  +     -0.0343482531607151,
  +     -0.09621959924697876,
  +     -0.03715752065181732,
  +     0.06400308758020401,
  +     -0.029708806425333023,
  +     -0.012787828221917152,
  +     0.03255550190806389,
  +     0.025844411924481392,
  +     -0.01395884808152914,
  +     0.14357300102710724,
  +     -0.08465710282325745,
  +     0.005453909281641245,
  +     -0.0415632426738739,
  +     0.025660211220383644,
  +     0.0011369544081389904,
  +     -0.034804366528987885,
  +     -0.05853152647614479,
  +     -0.0024431522469967604,
  +     0.026337075978517532,
  +     -0.042101748287677765,
  +     0.026746626943349838,
  +     -0.04756833612918854,
  +     -0.017412612214684486,
  +     -0.006162170320749283,
  +     0.03723714128136635,
  +     -0.011443784460425377,
  +     0.040870677679777145,
  +     0.036692820489406586,
  +     -0.007610499858856201,
  +     0.046465203166007996,
  +     -0.05939383804798126,
  +     -0.072647824883461,
  +     0.010346600785851479,
  +     -0.014701584354043007,
  +     -0.28504639863967896,
  +     0.023690160363912582,
  +     0.01434328779578209,
  +     0.08078327775001526,
  +     0.010148073546588421,
  +     0.016351601108908653,
  +     -0.0938437283039093,
  +     0.021654848009347916,
  +     -0.06009228155016899,
  +     -0.018541840836405754,
  +     0.003047867678105831,
  +     0.007428108714520931,
  +     0.005844606552273035,
  +     0.026383792981505394,
  +     -0.028317293152213097,
  +     -0.0002833351318258792,
  +     0.04614869877696037,
  +     -0.05352255702018738,
  +     0.07330108433961868,
  +     -0.07171207666397095,
  +     0.006782739423215389,
  +     0.04756029695272446,
  +     0.19405728578567505,
  +     -0.011005670763552189,
  +     -0.00431413808837533,
  +     0.0299391970038414,
  +     0.04703760892152786,
  +     -0.011732096783816814,
  +     -0.046811293810606,
  +     -0.011631541885435581,
  +     -0.006500021554529667,
  +     0.009775771759450436,
  +     0.04801543056964874,
  +     -0.03269397094845772,
  +     0.05606592074036598,
  +     0.09570538997650146,
  +     -0.060115717351436615,
  +     0.02952674776315689,
  +     0.004664406180381775,
  +     0.02495492622256279,
  +     -0.057541877031326294,
  +     0.05292012169957161,
  +     -0.011066054925322533,
  +     -0.026800384745001793,
  +     0.06643702834844589,
  +     -0.050208479166030884,
  +     -0.06306236237287521,
  +     0.002818661741912365,
  +     0.051775142550468445,
  +     0.028662879019975662,
  +     0.06142134591937065,
  +     -0.005185805726796389,
  +     -0.00707891583442688,
  +     0.031008915975689888,
  +     -0.040592409670352936,
  +     0.001999621046707034,
  +     0.060565702617168427,
  +     -0.03975067660212517,
  +     -0.06865765154361725,
  +     0.02262878231704235,
  +     -0.08736878633499146,
  +     -0.03306301310658455,
  +     0.015260416083037853,
  +     -0.0196134801954031,
  +     0.06258360296487808,
    ]
SKIPPED [1] tests/test_finding_provenance.py:432: 65b26f6c2 not in this checkout (shallow clone)
SKIPPED [1] tests/test_finding_provenance.py:423: 65b26f6c2 not in this checkout (shallow clone)
SKIPPED [1] tests/test_ingest_v2_consolidation.py:557: requires TORTOISE_DB_URI (real FalkorDB for the e2e11 integration smoke — URI-unset shapes skip by design)
SKIPPED [2] tests/_live_utils.py:37: requires TORTOISE_DB_URI (live FalkorDB sidecar; see CI job test-concurrency-falkor)
SKIPPED [2] tests/test_longmem_reader_prompting.py:1497: OPENROUTER_API_KEY absent — real-model reader smoke gated
SKIPPED [1] tests/test_e2e9_point_in_time.py:243: V4-conditional (⛔ G3): window-indexed restore + recall measurement are asserted in the post-baseline follow-up run, not the V3 gate
SKIPPED [1] tests/test_coverage_loop.py:208: requires TORTOISE_DB_URI (live FalkorDB FTS lane — tier-2 embedded legs skip)
SKIPPED [1] tests/test_coverage_loop.py:249: requires TORTOISE_DB_URI (live FalkorDB FTS lane — tier-2 embedded legs skip)
SKIPPED [1] tests/test_coverage_loop.py:272: requires TORTOISE_DB_URI (live FalkorDB FTS lane — tier-2 embedded legs skip)
SKIPPED [1] tests/test_coverage_loop.py:306: requires TORTOISE_DB_URI (live FalkorDB FTS lane — tier-2 embedded legs skip)
SKIPPED [1] tests/test_coverage_loop.py:365: requires TORTOISE_DB_URI (live FalkorDB FTS lane — tier-2 embedded legs skip)
SKIPPED [1] tests/test_coverage_loop.py:384: requires TORTOISE_DB_URI (live FalkorDB FTS lane — tier-2 embedded legs skip)
SKIPPED [1] tests/test_coverage_loop.py:421: requires TORTOISE_DB_URI (live FalkorDB FTS lane — tier-2 embedded legs skip)
SKIPPED [1] tests/test_coverage_loop.py:444: requires TORTOISE_DB_URI (live FalkorDB FTS lane — tier-2 embedded legs skip)
SKIPPED [1] tests/test_entity_key_expansion.py:169: requires TORTOISE_DB_URI (live FalkorDB FTS lane — tier-2 embedded legs skip)
SKIPPED [1] tests/test_entity_key_expansion.py:203: requires TORTOISE_DB_URI (live FalkorDB FTS lane — tier-2 embedded legs skip)
SKIPPED [1] tests/test_entity_key_expansion.py:217: requires TORTOISE_DB_URI (live FalkorDB FTS lane — tier-2 embedded legs skip)
SKIPPED [1] tests/test_entity_key_expansion.py:234: requires TORTOISE_DB_URI (live FalkorDB FTS lane — tier-2 embedded legs skip)
SKIPPED [1] tests/test_entity_key_expansion.py:276: requires TORTOISE_DB_URI (live FalkorDB FTS lane — tier-2 embedded legs skip)
SKIPPED [1] tests/test_entity_key_expansion.py:302: requires TORTOISE_DB_URI (live FalkorDB FTS lane — tier-2 embedded legs skip)
SKIPPED [1] tests/test_entity_key_expansion.py:319: requires TORTOISE_DB_URI (live FalkorDB FTS lane — tier-2 embedded legs skip)
SKIPPED [1] tests/test_ingest_conformance.py:227: J8 skill section (#1057) not yet landed — markers absent/untracked
SKIPPED [1] tests/test_markers.py:905: no docker session — token not required
= 3 failed, 3115 passed, 25 skipped, 6 deselected, 6 xfailed, 22 warnings, 96 subtests passed in 773.59s (0:12:53) =
